0 verbose cli /usr/local/bin/node /usr/local/bin/npm
1 info using npm@11.9.0
2 info using node@v25.6.1
3 silly config load:file:/usr/local/lib/node_modules/npm/npmrc
4 silly config load:file:/Users/superarchi/aitrader/mobile_app/.npmrc
5 silly config load:file:/Users/superarchi/.npmrc
6 silly config load:file:/usr/local/etc/npmrc
7 verbose title npm install typescript
8 verbose argv "install" "--save-dev" "typescript"
9 verbose logfile logs-max:10 dir:/Users/superarchi/aitrader/mobile_app/.npm-cache/_logs/2026-03-29T04_06_45_821Z-
10 verbose logfile /Users/superarchi/aitrader/mobile_app/.npm-cache/_logs/2026-03-29T04_06_45_821Z-debug-0.log
11 silly logfile done cleaning log files
12 silly packumentCache heap:2348810240 maxSize:587202560 maxEntrySize:293601280
13 silly idealTree buildDeps
14 silly fetch manifest typescript@*
15 silly packumentCache full:https://registry.npmjs.org/typescript cache-miss
16 http fetch GET 200 https://registry.npmjs.org/typescript 304ms (cache miss)
17 silly packumentCache full:https://registry.npmjs.org/typescript set size:undefined disposed:false
18 silly placeDep ROOT typescript@6.0.2 OK for: aitrader-ios-shell@1.0.0 want: *
19 silly reify moves {}
20 silly audit bulk request {
20 silly audit   '@capacitor/cli': [ '8.3.0' ],
20 silly audit   '@capacitor/core': [ '8.3.0' ],
20 silly audit   '@capacitor/ios': [ '8.3.0' ],
20 silly audit   '@ionic/cli-framework-output': [ '2.2.8' ],
20 silly audit   '@ionic/utils-array': [ '2.1.6' ],
20 silly audit   '@ionic/utils-fs': [ '3.1.7' ],
20 silly audit   'fs-extra': [ '9.1.0', '11.3.4' ],
20 silly audit   '@ionic/utils-object': [ '2.1.6' ],
20 silly audit   '@ionic/utils-process': [ '2.1.12' ],
20 silly audit   '@ionic/utils-stream': [ '3.1.7' ],
20 silly audit   '@ionic/utils-subprocess': [ '3.0.1' ],
20 silly audit   '@ionic/utils-terminal': [ '2.3.5' ],
20 silly audit   '@isaacs/fs-minipass': [ '4.0.1' ],
20 silly audit   '@types/fs-extra': [ '8.1.5' ],
20 silly audit   '@types/node': [ '25.5.0' ],
20 silly audit   '@types/slice-ansi': [ '4.0.0' ],
20 silly audit   '@xmldom/xmldom': [ '0.8.11' ],
20 silly audit   'ansi-regex': [ '5.0.1' ],
20 silly audit   'ansi-styles': [ '4.3.0' ],
20 silly audit   'astral-regex': [ '2.0.0' ],
20 silly audit   'at-least-node': [ '1.0.0' ],
20 silly audit   'balanced-match': [ '4.0.4' ],
20 silly audit   'base64-js': [ '1.5.1' ],
20 silly audit   'big-integer': [ '1.6.52' ],
20 silly audit   'bplist-parser': [ '0.3.2' ],
20 silly audit   'brace-expansion': [ '5.0.5' ],
20 silly audit   'buffer-crc32': [ '0.2.13' ],
20 silly audit   chownr: [ '3.0.0' ],
20 silly audit   'color-convert': [ '2.0.1' ],
20 silly audit   'color-name': [ '1.1.4' ],
20 silly audit   commander: [ '12.1.0' ],
20 silly audit   'cross-spawn': [ '7.0.6' ],
20 silly audit   debug: [ '4.4.3' ],
20 silly audit   'define-lazy-prop': [ '2.0.0' ],
20 silly audit   elementtree: [ '0.1.7' ],
20 silly audit   'emoji-regex': [ '8.0.0' ],
20 silly audit   'env-paths': [ '2.2.1' ],
20 silly audit   'fd-slicer': [ '1.1.0' ],
20 silly audit   glob: [ '13.0.6' ],
20 silly audit   'graceful-fs': [ '4.2.11' ],
20 silly audit   inherits: [ '2.0.4' ],
20 silly audit   ini: [ '4.1.3' ],
20 silly audit   'is-docker': [ '2.2.1' ],
20 silly audit   'is-fullwidth-code-point': [ '3.0.0' ],
20 silly audit   'is-wsl': [ '2.2.0' ],
20 silly audit   isexe: [ '2.0.0' ],
20 silly audit   jsonfile: [ '6.2.0' ],
20 silly audit   kleur: [ '4.1.5', '3.0.3' ],
20 silly audit   'lru-cache': [ '11.2.7' ],
20 silly audit   minimatch: [ '10.2.4' ],
20 silly audit   minipass: [ '7.1.3' ],
20 silly audit   minizlib: [ '3.1.0' ],
20 silly audit   ms: [ '2.1.3' ],
20 silly audit   'native-run': [ '2.0.3' ],
20 silly audit   open: [ '8.4.2' ],
20 silly audit   'package-json-from-dist': [ '1.0.1' ],
20 silly audit   'path-key': [ '3.1.1' ],
20 silly audit   'path-scurry': [ '2.0.2' ],
20 silly audit   pend: [ '1.2.0' ],
20 silly audit   plist: [ '3.1.0' ],
20 silly audit   prompts: [ '2.4.2' ],
20 silly audit   'readable-stream': [ '3.6.2' ],
20 silly audit   rimraf: [ '6.1.3' ],
20 silly audit   'safe-buffer': [ '5.2.1' ],
20 silly audit   sax: [ '1.1.4' ],
20 silly audit   semver: [ '7.7.4' ],
20 silly audit   'shebang-command': [ '2.0.0' ],
20 silly audit   'shebang-regex': [ '3.0.0' ],
20 silly audit   'signal-exit': [ '3.0.7' ],
20 silly audit   sisteransi: [ '1.0.5' ],
20 silly audit   'slice-ansi': [ '4.0.0' ],
20 silly audit   split2: [ '4.2.0' ],
20 silly audit   string_decoder: [ '1.3.0' ],
20 silly audit   'string-width': [ '4.2.3' ],
20 silly audit   'strip-ansi': [ '6.0.1' ],
20 silly audit   tar: [ '7.5.13' ],
20 silly audit   through2: [ '4.0.2' ],
20 silly audit   'tree-kill': [ '1.2.2' ],
20 silly audit   tslib: [ '2.8.1' ],
20 silly audit   'undici-types': [ '7.18.2' ],
20 silly audit   universalify: [ '2.0.1' ],
20 silly audit   untildify: [ '4.0.0' ],
20 silly audit   'util-deprecate': [ '1.0.2' ],
20 silly audit   which: [ '2.0.2' ],
20 silly audit   'wrap-ansi': [ '7.0.0' ],
20 silly audit   xml2js: [ '0.6.2' ],
20 silly audit   xmlbuilder: [ '11.0.1', '15.1.1' ],
20 silly audit   yallist: [ '5.0.0' ],
20 silly audit   yauzl: [ '2.10.0' ],
20 silly audit   typescript: [ '6.0.2' ]
20 silly audit }
21 http cache typescript@https://registry.npmjs.org/typescript/-/typescript-6.0.2.tgz 1ms (cache hit)
22 silly tarball no local data for typescript@https://registry.npmjs.org/typescript/-/typescript-6.0.2.tgz. Extracting by manifest.
23 http fetch POST 200 https://registry.npmjs.org/-/npm/v1/security/advisories/bulk 170ms
24 silly audit report {}
25 http fetch GET 200 https://registry.npmjs.org/typescript/-/typescript-6.0.2.tgz 503ms (cache miss)
26 silly ADD node_modules/typescript
27 verbose cwd /Users/superarchi/aitrader/mobile_app
28 verbose os Darwin 24.6.0
29 verbose node v25.6.1
30 verbose npm  v11.9.0
31 verbose exit 0
32 info ok
