0 verbose cli /usr/local/bin/node /usr/local/bin/npm
1 info using npm@11.9.0
2 info using node@v25.6.1
3 silly config load:file:/usr/local/lib/node_modules/npm/npmrc
4 silly config load:file:/Users/superarchi/aitrader/mobile_app/.npmrc
5 silly config load:file:/Users/superarchi/.npmrc
6 silly config load:file:/usr/local/etc/npmrc
7 verbose title npm install @capacitor/core @capacitor/cli @capacitor/ios
8 verbose argv "install" "@capacitor/core" "@capacitor/cli" "@capacitor/ios"
9 verbose logfile logs-max:10 dir:/Users/superarchi/aitrader/mobile_app/.npm-cache/_logs/2026-03-29T03_50_34_642Z-
10 verbose logfile /Users/superarchi/aitrader/mobile_app/.npm-cache/_logs/2026-03-29T03_50_34_642Z-debug-0.log
11 silly logfile done cleaning log files
12 silly packumentCache heap:2348810240 maxSize:587202560 maxEntrySize:293601280
13 silly idealTree buildDeps
14 silly fetch manifest @capacitor/core@*
15 silly packumentCache full:https://registry.npmjs.org/@capacitor%2fcore cache-miss
16 http fetch GET 200 https://registry.npmjs.org/npm 133ms
17 http fetch GET 200 https://registry.npmjs.org/@capacitor%2fcore 179ms (cache miss)
18 silly packumentCache full:https://registry.npmjs.org/@capacitor%2fcore set size:undefined disposed:false
19 silly fetch manifest @capacitor/cli@*
20 silly packumentCache full:https://registry.npmjs.org/@capacitor%2fcli cache-miss
21 http fetch GET 200 https://registry.npmjs.org/@capacitor%2fcli 92ms (cache miss)
22 silly packumentCache full:https://registry.npmjs.org/@capacitor%2fcli set size:undefined disposed:false
23 silly fetch manifest @capacitor/ios@*
24 silly packumentCache full:https://registry.npmjs.org/@capacitor%2fios cache-miss
25 http fetch GET 200 https://registry.npmjs.org/@capacitor%2fios 401ms (cache miss)
26 silly packumentCache full:https://registry.npmjs.org/@capacitor%2fios set size:undefined disposed:false
27 silly placeDep ROOT @capacitor/cli@8.3.0 OK for: mobile_app@1.0.0 want: *
28 silly placeDep ROOT @capacitor/core@8.3.0 OK for: mobile_app@1.0.0 want: *
29 silly placeDep ROOT @capacitor/ios@8.3.0 OK for: mobile_app@1.0.0 want: *
30 silly fetch manifest tar@^7.5.3
31 silly packumentCache full:https://registry.npmjs.org/tar cache-miss
32 silly fetch manifest open@^8.4.0
33 silly packumentCache full:https://registry.npmjs.org/open cache-miss
34 silly fetch manifest debug@^4.4.0
35 silly packumentCache full:https://registry.npmjs.org/debug cache-miss
36 silly fetch manifest kleur@^4.1.5
37 silly packumentCache full:https://registry.npmjs.org/kleur cache-miss
38 silly fetch manifest plist@^3.1.0
39 silly packumentCache full:https://registry.npmjs.org/plist cache-miss
40 silly fetch manifest tslib@^2.8.1
41 silly packumentCache full:https://registry.npmjs.org/tslib cache-miss
42 silly fetch manifest rimraf@^6.0.1
43 silly packumentCache full:https://registry.npmjs.org/rimraf cache-miss
44 http fetch GET 200 https://registry.npmjs.org/open 59ms (cache miss)
45 silly packumentCache full:https://registry.npmjs.org/open set size:undefined disposed:false
46 silly fetch manifest semver@^7.6.3
47 silly packumentCache full:https://registry.npmjs.org/semver cache-miss
48 http fetch GET 200 https://registry.npmjs.org/tar 71ms (cache miss)
49 silly packumentCache full:https://registry.npmjs.org/tar set size:undefined disposed:false
50 silly fetch manifest xml2js@^0.6.2
51 silly packumentCache full:https://registry.npmjs.org/xml2js cache-miss
52 http fetch GET 200 https://registry.npmjs.org/plist 95ms (cache miss)
53 silly packumentCache full:https://registry.npmjs.org/plist set size:undefined disposed:false
54 silly fetch manifest prompts@^2.4.2
55 silly packumentCache full:https://registry.npmjs.org/prompts cache-miss
56 http fetch GET 200 https://registry.npmjs.org/kleur 110ms (cache miss)
57 silly packumentCache full:https://registry.npmjs.org/kleur set size:undefined disposed:false
58 silly fetch manifest fs-extra@^11.2.0
59 silly packumentCache full:https://registry.npmjs.org/fs-extra cache-miss
60 http fetch GET 200 https://registry.npmjs.org/tslib 115ms (cache miss)
61 silly packumentCache full:https://registry.npmjs.org/tslib set size:undefined disposed:false
62 silly fetch manifest commander@^12.1.0
63 silly packumentCache full:https://registry.npmjs.org/commander cache-miss
64 http fetch GET 200 https://registry.npmjs.org/semver 63ms (cache miss)
65 silly packumentCache full:https://registry.npmjs.org/semver set size:undefined disposed:false
66 silly fetch manifest env-paths@^2.2.0
67 silly packumentCache full:https://registry.npmjs.org/env-paths cache-miss
68 http fetch GET 200 https://registry.npmjs.org/rimraf 128ms (cache miss)
69 silly packumentCache full:https://registry.npmjs.org/rimraf set size:undefined disposed:false
70 silly fetch manifest native-run@^2.0.3
71 silly packumentCache full:https://registry.npmjs.org/native-run cache-miss
72 http fetch GET 200 https://registry.npmjs.org/debug 134ms (cache miss)
73 silly packumentCache full:https://registry.npmjs.org/debug set size:undefined disposed:false
74 silly fetch manifest @ionic/utils-terminal@^2.3.5
75 silly packumentCache full:https://registry.npmjs.org/@ionic%2futils-terminal cache-miss
76 http fetch GET 200 https://registry.npmjs.org/xml2js 75ms (cache miss)
77 silly packumentCache full:https://registry.npmjs.org/xml2js set size:undefined disposed:false
78 silly fetch manifest @ionic/utils-subprocess@^3.0.1
79 silly packumentCache full:https://registry.npmjs.org/@ionic%2futils-subprocess cache-miss
80 http fetch GET 200 https://registry.npmjs.org/fs-extra 49ms (cache miss)
81 silly packumentCache full:https://registry.npmjs.org/fs-extra set size:undefined disposed:false
82 silly fetch manifest @ionic/cli-framework-output@^2.2.8
83 silly packumentCache full:https://registry.npmjs.org/@ionic%2fcli-framework-output cache-miss
84 http fetch GET 200 https://registry.npmjs.org/prompts 67ms (cache miss)
85 silly packumentCache full:https://registry.npmjs.org/prompts set size:undefined disposed:false
86 silly fetch manifest tslib@^2.1.0
87 silly packumentCache full:https://registry.npmjs.org/tslib cache-miss
88 http fetch GET 200 https://registry.npmjs.org/commander 52ms (cache miss)
89 silly packumentCache full:https://registry.npmjs.org/commander set size:undefined disposed:false
90 http cache https://registry.npmjs.org/tslib 20ms (cache hit)
91 silly packumentCache full:https://registry.npmjs.org/tslib set size:108760 disposed:false
92 http fetch GET 200 https://registry.npmjs.org/env-paths 64ms (cache miss)
93 silly packumentCache full:https://registry.npmjs.org/env-paths set size:undefined disposed:false
94 http fetch GET 200 https://registry.npmjs.org/native-run 518ms (cache miss)
95 silly packumentCache full:https://registry.npmjs.org/native-run set size:undefined disposed:false
96 http fetch GET 200 https://registry.npmjs.org/@ionic%2futils-subprocess 863ms (cache miss)
97 silly packumentCache full:https://registry.npmjs.org/@ionic%2futils-subprocess set size:undefined disposed:false
98 http fetch GET 200 https://registry.npmjs.org/@ionic%2fcli-framework-output 891ms (cache miss)
99 silly packumentCache full:https://registry.npmjs.org/@ionic%2fcli-framework-output set size:undefined disposed:false
100 http fetch GET 200 https://registry.npmjs.org/@ionic%2futils-terminal 1212ms (cache miss)
101 silly packumentCache full:https://registry.npmjs.org/@ionic%2futils-terminal set size:undefined disposed:false
102 silly placeDep ROOT @ionic/cli-framework-output@2.2.8 OK for: @capacitor/cli@8.3.0 want: ^2.2.8
103 silly placeDep ROOT @ionic/utils-subprocess@3.0.1 OK for: @capacitor/cli@8.3.0 want: ^3.0.1
104 silly placeDep ROOT @ionic/utils-terminal@2.3.5 OK for: @capacitor/cli@8.3.0 want: ^2.3.5
105 silly placeDep ROOT commander@12.1.0 OK for: @capacitor/cli@8.3.0 want: ^12.1.0
106 silly placeDep ROOT debug@4.4.3 OK for: @capacitor/cli@8.3.0 want: ^4.4.0
107 silly placeDep ROOT env-paths@2.2.1 OK for: @capacitor/cli@8.3.0 want: ^2.2.0
108 silly placeDep ROOT fs-extra@11.3.4 OK for: @capacitor/cli@8.3.0 want: ^11.2.0
109 silly placeDep ROOT kleur@4.1.5 OK for: @capacitor/cli@8.3.0 want: ^4.1.5
110 silly placeDep ROOT native-run@2.0.3 OK for: @capacitor/cli@8.3.0 want: ^2.0.3
111 silly placeDep ROOT open@8.4.2 OK for: @capacitor/cli@8.3.0 want: ^8.4.0
112 silly placeDep ROOT plist@3.1.0 OK for: @capacitor/cli@8.3.0 want: ^3.1.0
113 silly placeDep ROOT prompts@2.4.2 OK for: @capacitor/cli@8.3.0 want: ^2.4.2
114 silly placeDep ROOT rimraf@6.1.3 OK for: @capacitor/cli@8.3.0 want: ^6.0.1
115 silly placeDep ROOT semver@7.7.4 OK for: @capacitor/cli@8.3.0 want: ^7.6.3
116 silly placeDep ROOT tar@7.5.13 OK for: @capacitor/cli@8.3.0 want: ^7.5.3
117 silly placeDep ROOT tslib@2.8.1 OK for: @capacitor/cli@8.3.0 want: ^2.8.1
118 silly placeDep ROOT xml2js@0.6.2 OK for: @capacitor/cli@8.3.0 want: ^0.6.2
119 silly fetch manifest @ionic/utils-terminal@2.3.5
120 silly packumentCache full:https://registry.npmjs.org/@ionic%2futils-terminal cache-miss
121 silly fetch manifest debug@^4.0.0
122 silly packumentCache full:https://registry.npmjs.org/debug cache-miss
123 silly fetch manifest tslib@^2.0.1
124 silly packumentCache full:https://registry.npmjs.org/tslib cache-hit
125 silly fetch manifest @ionic/utils-array@2.1.6
126 silly packumentCache full:https://registry.npmjs.org/@ionic%2futils-array cache-miss
127 silly fetch manifest @ionic/utils-fs@3.1.7
128 silly packumentCache full:https://registry.npmjs.org/@ionic%2futils-fs cache-miss
129 silly fetch manifest @ionic/utils-process@2.1.12
130 silly packumentCache full:https://registry.npmjs.org/@ionic%2futils-process cache-miss
131 silly fetch manifest @ionic/utils-stream@3.1.7
132 silly packumentCache full:https://registry.npmjs.org/@ionic%2futils-stream cache-miss
133 silly fetch manifest @ionic/utils-terminal@2.3.5
134 silly packumentCache full:https://registry.npmjs.org/@ionic%2futils-terminal cache-miss
135 http cache https://registry.npmjs.org/@ionic%2futils-terminal 10ms (cache hit)
136 silly packumentCache full:https://registry.npmjs.org/@ionic%2futils-terminal set size:118057 disposed:false
137 silly fetch manifest cross-spawn@^7.0.3
138 silly packumentCache full:https://registry.npmjs.org/cross-spawn cache-miss
139 http cache https://registry.npmjs.org/debug 15ms (cache hit)
140 silly packumentCache full:https://registry.npmjs.org/debug set size:195840 disposed:false
141 silly fetch manifest @types/slice-ansi@^4.0.0
142 silly packumentCache full:https://registry.npmjs.org/@types%2fslice-ansi cache-miss
143 http cache https://registry.npmjs.org/@ionic%2futils-terminal 16ms (cache hit)
144 silly packumentCache full:https://registry.npmjs.org/@ionic%2futils-terminal set size:118057 disposed:false
145 silly packumentCache full:https://registry.npmjs.org/@ionic%2futils-terminal dispose
146 silly fetch manifest signal-exit@^3.0.3
147 silly packumentCache full:https://registry.npmjs.org/signal-exit cache-miss
148 http fetch GET 200 https://registry.npmjs.org/cross-spawn 33ms (cache miss)
149 silly packumentCache full:https://registry.npmjs.org/cross-spawn set size:undefined disposed:false
150 silly fetch manifest slice-ansi@^4.0.0
151 silly packumentCache full:https://registry.npmjs.org/slice-ansi cache-miss
152 http fetch GET 200 https://registry.npmjs.org/signal-exit 32ms (cache miss)
153 silly packumentCache full:https://registry.npmjs.org/signal-exit set size:undefined disposed:false
154 silly fetch manifest string-width@^4.1.0
155 silly packumentCache full:https://registry.npmjs.org/string-width cache-miss
156 http fetch GET 200 https://registry.npmjs.org/slice-ansi 34ms (cache miss)
157 silly packumentCache full:https://registry.npmjs.org/slice-ansi set size:undefined disposed:false
158 silly fetch manifest strip-ansi@^6.0.0
159 silly packumentCache full:https://registry.npmjs.org/strip-ansi cache-miss
160 http fetch GET 200 https://registry.npmjs.org/string-width 34ms (cache miss)
161 silly packumentCache full:https://registry.npmjs.org/string-width set size:undefined disposed:false
162 silly fetch manifest untildify@^4.0.0
163 silly packumentCache full:https://registry.npmjs.org/untildify cache-miss
164 http fetch GET 200 https://registry.npmjs.org/strip-ansi 34ms (cache miss)
165 silly packumentCache full:https://registry.npmjs.org/strip-ansi set size:undefined disposed:false
166 silly fetch manifest wrap-ansi@^7.0.0
167 silly packumentCache full:https://registry.npmjs.org/wrap-ansi cache-miss
168 http fetch GET 200 https://registry.npmjs.org/untildify 30ms (cache miss)
169 silly packumentCache full:https://registry.npmjs.org/untildify set size:undefined disposed:false
170 silly fetch manifest ms@^2.1.3
171 silly packumentCache full:https://registry.npmjs.org/ms cache-miss
172 http fetch GET 200 https://registry.npmjs.org/wrap-ansi 32ms (cache miss)
173 silly packumentCache full:https://registry.npmjs.org/wrap-ansi set size:undefined disposed:false
174 silly fetch manifest graceful-fs@^4.2.0
175 silly packumentCache full:https://registry.npmjs.org/graceful-fs cache-miss
176 http fetch GET 200 https://registry.npmjs.org/ms 37ms (cache miss)
177 silly packumentCache full:https://registry.npmjs.org/ms set size:undefined disposed:false
178 silly fetch manifest jsonfile@^6.0.1
179 silly packumentCache full:https://registry.npmjs.org/jsonfile cache-miss
180 http fetch GET 200 https://registry.npmjs.org/graceful-fs 31ms (cache miss)
181 silly packumentCache full:https://registry.npmjs.org/graceful-fs set size:undefined disposed:false
182 silly fetch manifest universalify@^2.0.0
183 silly packumentCache full:https://registry.npmjs.org/universalify cache-miss
184 http fetch GET 200 https://registry.npmjs.org/jsonfile 31ms (cache miss)
185 silly packumentCache full:https://registry.npmjs.org/jsonfile set size:undefined disposed:false
186 silly fetch manifest @ionic/utils-fs@^3.1.7
187 silly packumentCache full:https://registry.npmjs.org/@ionic%2futils-fs cache-miss
188 http fetch GET 200 https://registry.npmjs.org/@ionic%2futils-array 666ms (cache miss)
189 silly packumentCache full:https://registry.npmjs.org/@ionic%2futils-array set size:undefined disposed:false
190 silly fetch manifest bplist-parser@^0.3.2
191 silly packumentCache full:https://registry.npmjs.org/bplist-parser cache-miss
192 http fetch GET 200 https://registry.npmjs.org/@ionic%2futils-fs 473ms (cache miss)
193 silly packumentCache full:https://registry.npmjs.org/@ionic%2futils-fs set size:undefined disposed:false
194 silly fetch manifest elementtree@^0.1.7
195 silly packumentCache full:https://registry.npmjs.org/elementtree cache-miss
196 http fetch GET 200 https://registry.npmjs.org/@ionic%2futils-fs 676ms (cache miss)
197 silly packumentCache full:https://registry.npmjs.org/@ionic%2futils-fs set size:undefined disposed:false
198 silly fetch manifest ini@^4.1.1
199 silly packumentCache full:https://registry.npmjs.org/ini cache-miss
200 http fetch GET 200 https://registry.npmjs.org/@ionic%2futils-process 690ms (cache miss)
201 silly packumentCache full:https://registry.npmjs.org/@ionic%2futils-process set size:undefined disposed:false
202 silly fetch manifest split2@^4.2.0
203 silly packumentCache full:https://registry.npmjs.org/split2 cache-miss
204 http fetch GET 200 https://registry.npmjs.org/universalify 518ms (cache miss)
205 silly packumentCache full:https://registry.npmjs.org/universalify set size:undefined disposed:false
206 silly fetch manifest through2@^4.0.2
207 silly packumentCache full:https://registry.npmjs.org/through2 cache-miss
208 http fetch GET 200 https://registry.npmjs.org/@types%2fslice-ansi 691ms (cache miss)
209 silly packumentCache full:https://registry.npmjs.org/@types%2fslice-ansi set size:undefined disposed:false
210 silly fetch manifest tslib@^2.6.2
211 silly packumentCache full:https://registry.npmjs.org/tslib cache-hit
212 silly fetch manifest yauzl@^2.10.0
213 silly packumentCache full:https://registry.npmjs.org/yauzl cache-miss
214 http fetch GET 200 https://registry.npmjs.org/bplist-parser 44ms (cache miss)
215 silly packumentCache full:https://registry.npmjs.org/bplist-parser set size:undefined disposed:false
216 silly fetch manifest is-wsl@^2.2.0
217 silly packumentCache full:https://registry.npmjs.org/is-wsl cache-miss
218 http fetch GET 200 https://registry.npmjs.org/ini 47ms (cache miss)
219 silly packumentCache full:https://registry.npmjs.org/ini set size:undefined disposed:false
220 silly fetch manifest is-docker@^2.1.1
221 silly packumentCache full:https://registry.npmjs.org/is-docker cache-miss
222 http fetch GET 200 https://registry.npmjs.org/split2 54ms (cache miss)
223 silly packumentCache full:https://registry.npmjs.org/split2 set size:undefined disposed:false
224 silly fetch manifest define-lazy-prop@^2.0.0
225 silly packumentCache full:https://registry.npmjs.org/define-lazy-prop cache-miss
226 http fetch GET 200 https://registry.npmjs.org/is-wsl 40ms (cache miss)
227 silly packumentCache full:https://registry.npmjs.org/is-wsl set size:undefined disposed:false
228 silly fetch manifest @xmldom/xmldom@^0.8.8
229 silly packumentCache full:https://registry.npmjs.org/@xmldom%2fxmldom cache-miss
230 http fetch GET 200 https://registry.npmjs.org/through2 63ms (cache miss)
231 silly packumentCache full:https://registry.npmjs.org/through2 set size:undefined disposed:false
232 silly fetch manifest base64-js@^1.5.1
233 silly packumentCache full:https://registry.npmjs.org/base64-js cache-miss
234 http fetch GET 200 https://registry.npmjs.org/yauzl 64ms (cache miss)
235 silly packumentCache full:https://registry.npmjs.org/yauzl set size:undefined disposed:false
236 silly fetch manifest xmlbuilder@^15.1.1
237 silly packumentCache full:https://registry.npmjs.org/xmlbuilder cache-miss
238 http fetch GET 200 https://registry.npmjs.org/is-docker 44ms (cache miss)
239 silly packumentCache full:https://registry.npmjs.org/is-docker set size:undefined disposed:false
240 silly fetch manifest kleur@^3.0.3
241 silly packumentCache full:https://registry.npmjs.org/kleur cache-miss
242 http cache https://registry.npmjs.org/kleur 3ms (cache hit)
243 silly packumentCache full:https://registry.npmjs.org/kleur set size:61853 disposed:false
244 silly fetch manifest sisteransi@^1.0.5
245 silly packumentCache full:https://registry.npmjs.org/sisteransi cache-miss
246 http fetch GET 200 https://registry.npmjs.org/define-lazy-prop 39ms (cache miss)
247 silly packumentCache full:https://registry.npmjs.org/define-lazy-prop set size:undefined disposed:false
248 silly fetch manifest glob@^13.0.3
249 silly packumentCache full:https://registry.npmjs.org/glob cache-miss
250 http fetch GET 200 https://registry.npmjs.org/base64-js 27ms (cache miss)
251 silly packumentCache full:https://registry.npmjs.org/base64-js set size:undefined disposed:false
252 silly fetch manifest package-json-from-dist@^1.0.1
253 silly packumentCache full:https://registry.npmjs.org/package-json-from-dist cache-miss
254 http fetch GET 200 https://registry.npmjs.org/@xmldom%2fxmldom 54ms (cache miss)
255 silly packumentCache full:https://registry.npmjs.org/@xmldom%2fxmldom set size:undefined disposed:false
256 silly fetch manifest @isaacs/fs-minipass@^4.0.0
257 silly packumentCache full:https://registry.npmjs.org/@isaacs%2ffs-minipass cache-miss
258 http fetch GET 200 https://registry.npmjs.org/xmlbuilder 41ms (cache miss)
259 silly packumentCache full:https://registry.npmjs.org/xmlbuilder set size:undefined disposed:false
260 silly fetch manifest chownr@^3.0.0
261 silly packumentCache full:https://registry.npmjs.org/chownr cache-miss
262 http fetch GET 200 https://registry.npmjs.org/sisteransi 40ms (cache miss)
263 silly packumentCache full:https://registry.npmjs.org/sisteransi set size:undefined disposed:false
264 silly fetch manifest minipass@^7.1.2
265 silly packumentCache full:https://registry.npmjs.org/minipass cache-miss
266 http fetch GET 200 https://registry.npmjs.org/package-json-from-dist 31ms (cache miss)
267 silly packumentCache full:https://registry.npmjs.org/package-json-from-dist set size:undefined disposed:false
268 silly fetch manifest minizlib@^3.1.0
269 silly packumentCache full:https://registry.npmjs.org/minizlib cache-miss
270 http fetch GET 200 https://registry.npmjs.org/glob 45ms (cache miss)
271 silly packumentCache full:https://registry.npmjs.org/glob set size:undefined disposed:false
272 silly fetch manifest yallist@^5.0.0
273 silly packumentCache full:https://registry.npmjs.org/yallist cache-miss
274 http fetch GET 200 https://registry.npmjs.org/chownr 30ms (cache miss)
275 silly packumentCache full:https://registry.npmjs.org/chownr set size:undefined disposed:false
276 silly fetch manifest sax@>=0.6.0
277 silly packumentCache full:https://registry.npmjs.org/sax cache-miss
278 http fetch GET 200 https://registry.npmjs.org/elementtree 195ms (cache miss)
279 silly packumentCache full:https://registry.npmjs.org/elementtree set size:undefined disposed:false
280 silly fetch manifest xmlbuilder@~11.0.0
281 silly packumentCache full:https://registry.npmjs.org/xmlbuilder cache-miss
282 http fetch GET 200 https://registry.npmjs.org/minizlib 38ms (cache miss)
283 silly packumentCache full:https://registry.npmjs.org/minizlib set size:undefined disposed:false
284 http fetch GET 200 https://registry.npmjs.org/@isaacs%2ffs-minipass 58ms (cache miss)
285 silly packumentCache full:https://registry.npmjs.org/@isaacs%2ffs-minipass set size:undefined disposed:false
286 http cache https://registry.npmjs.org/xmlbuilder 7ms (cache hit)
287 silly packumentCache full:https://registry.npmjs.org/xmlbuilder set size:158707 disposed:false
288 http fetch GET 200 https://registry.npmjs.org/minipass 59ms (cache miss)
289 silly packumentCache full:https://registry.npmjs.org/minipass set size:undefined disposed:false
290 http fetch GET 200 https://registry.npmjs.org/yallist 47ms (cache miss)
291 silly packumentCache full:https://registry.npmjs.org/yallist set size:undefined disposed:false
292 http fetch GET 200 https://registry.npmjs.org/@ionic%2futils-stream 893ms (cache miss)
293 silly packumentCache full:https://registry.npmjs.org/@ionic%2futils-stream set size:undefined disposed:false
294 http fetch GET 200 https://registry.npmjs.org/sax 45ms (cache miss)
295 silly packumentCache full:https://registry.npmjs.org/sax set size:undefined disposed:false
296 silly placeDep ROOT @ionic/utils-array@2.1.6 OK for: @ionic/utils-subprocess@3.0.1 want: 2.1.6
297 silly placeDep ROOT @ionic/utils-fs@3.1.7 OK for: @ionic/utils-subprocess@3.0.1 want: 3.1.7
298 silly placeDep ROOT @ionic/utils-process@2.1.12 OK for: @ionic/utils-subprocess@3.0.1 want: 2.1.12
299 silly placeDep ROOT @ionic/utils-stream@3.1.7 OK for: @ionic/utils-subprocess@3.0.1 want: 3.1.7
300 silly placeDep ROOT cross-spawn@7.0.6 OK for: @ionic/utils-subprocess@3.0.1 want: ^7.0.3
301 silly fetch manifest @types/fs-extra@^8.0.0
302 silly packumentCache full:https://registry.npmjs.org/@types%2ffs-extra cache-miss
303 silly fetch manifest fs-extra@^9.0.0
304 silly packumentCache full:https://registry.npmjs.org/fs-extra cache-miss
305 silly fetch manifest @ionic/utils-object@2.1.6
306 silly packumentCache full:https://registry.npmjs.org/@ionic%2futils-object cache-miss
307 silly fetch manifest tree-kill@^1.2.2
308 silly packumentCache full:https://registry.npmjs.org/tree-kill cache-miss
309 silly fetch manifest which@^2.0.1
310 silly packumentCache full:https://registry.npmjs.org/which cache-miss
311 silly fetch manifest path-key@^3.1.0
312 silly packumentCache full:https://registry.npmjs.org/path-key cache-miss
313 silly fetch manifest shebang-command@^2.0.0
314 silly packumentCache full:https://registry.npmjs.org/shebang-command cache-miss
315 http cache https://registry.npmjs.org/fs-extra 10ms (cache hit)
316 silly packumentCache full:https://registry.npmjs.org/fs-extra set size:232595 disposed:false
317 http fetch GET 200 https://registry.npmjs.org/path-key 35ms (cache miss)
318 silly packumentCache full:https://registry.npmjs.org/path-key set size:undefined disposed:false
319 http fetch GET 200 https://registry.npmjs.org/shebang-command 36ms (cache miss)
320 silly packumentCache full:https://registry.npmjs.org/shebang-command set size:undefined disposed:false
321 http fetch GET 200 https://registry.npmjs.org/tree-kill 40ms (cache miss)
322 silly packumentCache full:https://registry.npmjs.org/tree-kill set size:undefined disposed:false
323 http fetch GET 200 https://registry.npmjs.org/which 41ms (cache miss)
324 silly packumentCache full:https://registry.npmjs.org/which set size:undefined disposed:false
325 http fetch GET 200 https://registry.npmjs.org/@types%2ffs-extra 463ms (cache miss)
326 silly packumentCache full:https://registry.npmjs.org/@types%2ffs-extra set size:undefined disposed:false
327 http fetch GET 200 https://registry.npmjs.org/@ionic%2futils-object 972ms (cache miss)
328 silly packumentCache full:https://registry.npmjs.org/@ionic%2futils-object set size:undefined disposed:false
329 silly placeDep ROOT @types/fs-extra@8.1.5 OK for: @ionic/utils-fs@3.1.7 want: ^8.0.0
330 silly placeDep node_modules/@ionic/utils-fs fs-extra@9.1.0 OK for: @ionic/utils-fs@3.1.7 want: ^9.0.0
331 silly fetch manifest @types/node@*
332 silly packumentCache full:https://registry.npmjs.org/@types%2fnode cache-miss
333 silly fetch manifest at-least-node@^1.0.0
334 silly packumentCache full:https://registry.npmjs.org/at-least-node cache-miss
335 http fetch GET 200 https://registry.npmjs.org/at-least-node 35ms (cache miss)
336 silly packumentCache full:https://registry.npmjs.org/at-least-node set size:undefined disposed:false
337 http fetch GET 200 https://registry.npmjs.org/@types%2fnode 184ms (cache miss)
338 silly packumentCache full:https://registry.npmjs.org/@types%2fnode set size:undefined disposed:false
339 silly placeDep ROOT @ionic/utils-object@2.1.6 OK for: @ionic/utils-process@2.1.12 want: 2.1.6
340 silly placeDep ROOT signal-exit@3.0.7 OK for: @ionic/utils-process@2.1.12 want: ^3.0.3
341 silly placeDep ROOT tree-kill@1.2.2 OK for: @ionic/utils-process@2.1.12 want: ^1.2.2
342 silly placeDep ROOT @types/slice-ansi@4.0.0 OK for: @ionic/utils-terminal@2.3.5 want: ^4.0.0
343 silly placeDep ROOT slice-ansi@4.0.0 OK for: @ionic/utils-terminal@2.3.5 want: ^4.0.0
344 silly placeDep ROOT string-width@4.2.3 OK for: @ionic/utils-terminal@2.3.5 want: ^4.1.0
345 silly placeDep ROOT strip-ansi@6.0.1 OK for: @ionic/utils-terminal@2.3.5 want: ^6.0.0
346 silly placeDep ROOT untildify@4.0.0 OK for: @ionic/utils-terminal@2.3.5 want: ^4.0.0
347 silly placeDep ROOT wrap-ansi@7.0.0 OK for: @ionic/utils-terminal@2.3.5 want: ^7.0.0
348 silly fetch manifest ansi-styles@^4.0.0
349 silly packumentCache full:https://registry.npmjs.org/ansi-styles cache-miss
350 silly fetch manifest astral-regex@^2.0.0
351 silly packumentCache full:https://registry.npmjs.org/astral-regex cache-miss
352 silly fetch manifest is-fullwidth-code-point@^3.0.0
353 silly packumentCache full:https://registry.npmjs.org/is-fullwidth-code-point cache-miss
354 silly fetch manifest strip-ansi@^6.0.1
355 silly packumentCache full:https://registry.npmjs.org/strip-ansi cache-miss
356 silly fetch manifest emoji-regex@^8.0.0
357 silly packumentCache full:https://registry.npmjs.org/emoji-regex cache-miss
358 silly fetch manifest is-fullwidth-code-point@^3.0.0
359 silly packumentCache full:https://registry.npmjs.org/is-fullwidth-code-point cache-miss
360 silly fetch manifest ansi-regex@^5.0.1
361 silly packumentCache full:https://registry.npmjs.org/ansi-regex cache-miss
362 http cache https://registry.npmjs.org/strip-ansi 8ms (cache hit)
363 silly packumentCache full:https://registry.npmjs.org/strip-ansi set size:44998 disposed:false
364 silly fetch manifest ansi-styles@^4.0.0
365 silly packumentCache full:https://registry.npmjs.org/ansi-styles cache-miss
366 http fetch GET 200 https://registry.npmjs.org/emoji-regex 47ms (cache miss)
367 silly packumentCache full:https://registry.npmjs.org/emoji-regex set size:undefined disposed:false
368 http fetch GET 200 https://registry.npmjs.org/ansi-regex 48ms (cache miss)
369 silly packumentCache full:https://registry.npmjs.org/ansi-regex set size:undefined disposed:false
370 http fetch GET 200 https://registry.npmjs.org/astral-regex 52ms (cache miss)
371 silly packumentCache full:https://registry.npmjs.org/astral-regex set size:undefined disposed:false
372 http fetch GET 200 https://registry.npmjs.org/is-fullwidth-code-point 52ms (cache miss)
373 silly packumentCache full:https://registry.npmjs.org/is-fullwidth-code-point set size:undefined disposed:false
374 http fetch GET 200 https://registry.npmjs.org/ansi-styles 43ms (cache miss)
375 silly packumentCache full:https://registry.npmjs.org/ansi-styles set size:undefined disposed:false
376 http fetch GET 200 https://registry.npmjs.org/ansi-styles 55ms (cache miss)
377 silly packumentCache full:https://registry.npmjs.org/ansi-styles set size:undefined disposed:false
378 http fetch GET 200 https://registry.npmjs.org/is-fullwidth-code-point 54ms (cache miss)
379 silly packumentCache full:https://registry.npmjs.org/is-fullwidth-code-point set size:undefined disposed:false
380 silly placeDep ROOT @types/node@25.5.0 OK for: @types/fs-extra@8.1.5 want: *
381 silly fetch manifest undici-types@~7.18.0
382 silly packumentCache full:https://registry.npmjs.org/undici-types cache-miss
383 http fetch GET 200 https://registry.npmjs.org/undici-types 30ms (cache miss)
384 silly packumentCache full:https://registry.npmjs.org/undici-types set size:undefined disposed:false
385 silly placeDep ROOT undici-types@7.18.2 OK for: @types/node@25.5.0 want: ~7.18.0
386 silly placeDep ROOT path-key@3.1.1 OK for: cross-spawn@7.0.6 want: ^3.1.0
387 silly placeDep ROOT shebang-command@2.0.0 OK for: cross-spawn@7.0.6 want: ^2.0.0
388 silly placeDep ROOT which@2.0.2 OK for: cross-spawn@7.0.6 want: ^2.0.1
389 silly fetch manifest shebang-regex@^3.0.0
390 silly packumentCache full:https://registry.npmjs.org/shebang-regex cache-miss
391 silly fetch manifest isexe@^2.0.0
392 silly packumentCache full:https://registry.npmjs.org/isexe cache-miss
393 http fetch GET 200 https://registry.npmjs.org/shebang-regex 40ms (cache miss)
394 silly packumentCache full:https://registry.npmjs.org/shebang-regex set size:undefined disposed:false
395 http fetch GET 200 https://registry.npmjs.org/isexe 41ms (cache miss)
396 silly packumentCache full:https://registry.npmjs.org/isexe set size:undefined disposed:false
397 silly placeDep ROOT ms@2.1.3 OK for: debug@4.4.3 want: ^2.1.3
398 silly placeDep ROOT graceful-fs@4.2.11 OK for: fs-extra@11.3.4 want: ^4.2.0
399 silly placeDep ROOT jsonfile@6.2.0 OK for: fs-extra@11.3.4 want: ^6.0.1
400 silly placeDep ROOT universalify@2.0.1 OK for: fs-extra@11.3.4 want: ^2.0.0
401 silly placeDep ROOT bplist-parser@0.3.2 OK for: native-run@2.0.3 want: ^0.3.2
402 silly placeDep ROOT elementtree@0.1.7 OK for: native-run@2.0.3 want: ^0.1.7
403 silly placeDep ROOT ini@4.1.3 OK for: native-run@2.0.3 want: ^4.1.1
404 silly placeDep ROOT split2@4.2.0 OK for: native-run@2.0.3 want: ^4.2.0
405 silly placeDep ROOT through2@4.0.2 OK for: native-run@2.0.3 want: ^4.0.2
406 silly placeDep ROOT yauzl@2.10.0 OK for: native-run@2.0.3 want: ^2.10.0
407 silly fetch manifest big-integer@1.6.x
408 silly packumentCache full:https://registry.npmjs.org/big-integer cache-miss
409 silly fetch manifest sax@1.1.4
410 silly packumentCache full:https://registry.npmjs.org/sax cache-miss
411 silly fetch manifest readable-stream@3
412 silly packumentCache full:https://registry.npmjs.org/readable-stream cache-miss
413 silly fetch manifest fd-slicer@~1.1.0
414 silly packumentCache full:https://registry.npmjs.org/fd-slicer cache-miss
415 silly fetch manifest buffer-crc32@~0.2.3
416 silly packumentCache full:https://registry.npmjs.org/buffer-crc32 cache-miss
417 http cache https://registry.npmjs.org/sax 9ms (cache hit)
418 silly packumentCache full:https://registry.npmjs.org/sax set size:91199 disposed:false
419 http fetch GET 200 https://registry.npmjs.org/fd-slicer 30ms (cache miss)
420 silly packumentCache full:https://registry.npmjs.org/fd-slicer set size:undefined disposed:false
421 http fetch GET 200 https://registry.npmjs.org/buffer-crc32 38ms (cache miss)
422 silly packumentCache full:https://registry.npmjs.org/buffer-crc32 set size:undefined disposed:false
423 http fetch GET 200 https://registry.npmjs.org/readable-stream 42ms (cache miss)
424 silly packumentCache full:https://registry.npmjs.org/readable-stream set size:undefined disposed:false
425 http fetch GET 200 https://registry.npmjs.org/big-integer 47ms (cache miss)
426 silly packumentCache full:https://registry.npmjs.org/big-integer set size:undefined disposed:false
427 silly placeDep ROOT big-integer@1.6.52 OK for: bplist-parser@0.3.2 want: 1.6.x
428 silly placeDep ROOT sax@1.1.4 OK for: elementtree@0.1.7 want: 1.1.4
429 silly placeDep ROOT define-lazy-prop@2.0.0 OK for: open@8.4.2 want: ^2.0.0
430 silly placeDep ROOT is-docker@2.2.1 OK for: open@8.4.2 want: ^2.1.1
431 silly placeDep ROOT is-wsl@2.2.0 OK for: open@8.4.2 want: ^2.2.0
432 silly placeDep ROOT @xmldom/xmldom@0.8.11 OK for: plist@3.1.0 want: ^0.8.8
433 silly placeDep ROOT base64-js@1.5.1 OK for: plist@3.1.0 want: ^1.5.1
434 silly placeDep ROOT xmlbuilder@15.1.1 OK for: plist@3.1.0 want: ^15.1.1
435 silly placeDep node_modules/prompts kleur@3.0.3 OK for: prompts@2.4.2 want: ^3.0.3
436 silly placeDep ROOT sisteransi@1.0.5 OK for: prompts@2.4.2 want: ^1.0.5
437 silly placeDep ROOT glob@13.0.6 OK for: rimraf@6.1.3 want: ^13.0.3
438 silly placeDep ROOT package-json-from-dist@1.0.1 OK for: rimraf@6.1.3 want: ^1.0.1
439 silly fetch manifest minimatch@^10.2.2
440 silly packumentCache full:https://registry.npmjs.org/minimatch cache-miss
441 silly fetch manifest minipass@^7.1.3
442 silly packumentCache full:https://registry.npmjs.org/minipass cache-miss
443 silly fetch manifest path-scurry@^2.0.2
444 silly packumentCache full:https://registry.npmjs.org/path-scurry cache-miss
445 http cache https://registry.npmjs.org/minipass 22ms (cache hit)
446 silly packumentCache full:https://registry.npmjs.org/minipass set size:276925 disposed:false
447 http fetch GET 200 https://registry.npmjs.org/path-scurry 42ms (cache miss)
448 silly packumentCache full:https://registry.npmjs.org/path-scurry set size:undefined disposed:false
449 http fetch GET 200 https://registry.npmjs.org/minimatch 51ms (cache miss)
450 silly packumentCache full:https://registry.npmjs.org/minimatch set size:undefined disposed:false
451 silly placeDep ROOT minimatch@10.2.4 OK for: glob@13.0.6 want: ^10.2.2
452 silly placeDep ROOT minipass@7.1.3 OK for: glob@13.0.6 want: ^7.1.3
453 silly placeDep ROOT path-scurry@2.0.2 OK for: glob@13.0.6 want: ^2.0.2
454 silly fetch manifest brace-expansion@^5.0.2
455 silly packumentCache full:https://registry.npmjs.org/brace-expansion cache-miss
456 silly fetch manifest lru-cache@^11.0.0
457 silly packumentCache full:https://registry.npmjs.org/lru-cache cache-miss
458 http fetch GET 200 https://registry.npmjs.org/brace-expansion 34ms (cache miss)
459 silly packumentCache full:https://registry.npmjs.org/brace-expansion set size:undefined disposed:false
460 http fetch GET 200 https://registry.npmjs.org/lru-cache 39ms (cache miss)
461 silly packumentCache full:https://registry.npmjs.org/lru-cache set size:undefined disposed:false
462 silly placeDep ROOT brace-expansion@5.0.5 OK for: minimatch@10.2.4 want: ^5.0.2
463 silly fetch manifest balanced-match@^4.0.2
464 silly packumentCache full:https://registry.npmjs.org/balanced-match cache-miss
465 http fetch GET 200 https://registry.npmjs.org/balanced-match 31ms (cache miss)
466 silly packumentCache full:https://registry.npmjs.org/balanced-match set size:undefined disposed:false
467 silly placeDep ROOT balanced-match@4.0.4 OK for: brace-expansion@5.0.5 want: ^4.0.2
468 silly placeDep ROOT lru-cache@11.2.7 OK for: path-scurry@2.0.2 want: ^11.0.0
469 silly placeDep ROOT shebang-regex@3.0.0 OK for: shebang-command@2.0.0 want: ^3.0.0
470 silly placeDep ROOT ansi-styles@4.3.0 OK for: slice-ansi@4.0.0 want: ^4.0.0
471 silly placeDep ROOT astral-regex@2.0.0 OK for: slice-ansi@4.0.0 want: ^2.0.0
472 silly placeDep ROOT is-fullwidth-code-point@3.0.0 OK for: slice-ansi@4.0.0 want: ^3.0.0
473 silly fetch manifest color-convert@^2.0.1
474 silly packumentCache full:https://registry.npmjs.org/color-convert cache-miss
475 http fetch GET 200 https://registry.npmjs.org/color-convert 35ms (cache miss)
476 silly packumentCache full:https://registry.npmjs.org/color-convert set size:undefined disposed:false
477 silly placeDep ROOT color-convert@2.0.1 OK for: ansi-styles@4.3.0 want: ^2.0.1
478 silly fetch manifest color-name@~1.1.4
479 silly packumentCache full:https://registry.npmjs.org/color-name cache-miss
480 http fetch GET 200 https://registry.npmjs.org/color-name 33ms (cache miss)
481 silly packumentCache full:https://registry.npmjs.org/color-name set size:undefined disposed:false
482 silly placeDep ROOT color-name@1.1.4 OK for: color-convert@2.0.1 want: ~1.1.4
483 silly placeDep ROOT emoji-regex@8.0.0 OK for: string-width@4.2.3 want: ^8.0.0
484 silly placeDep ROOT ansi-regex@5.0.1 OK for: strip-ansi@6.0.1 want: ^5.0.1
485 silly placeDep ROOT @isaacs/fs-minipass@4.0.1 OK for: tar@7.5.13 want: ^4.0.0
486 silly placeDep ROOT chownr@3.0.0 OK for: tar@7.5.13 want: ^3.0.0
487 silly placeDep ROOT minizlib@3.1.0 OK for: tar@7.5.13 want: ^3.1.0
488 silly placeDep ROOT yallist@5.0.0 OK for: tar@7.5.13 want: ^5.0.0
489 silly placeDep ROOT readable-stream@3.6.2 OK for: through2@4.0.2 want: 3
490 silly fetch manifest inherits@^2.0.3
491 silly packumentCache full:https://registry.npmjs.org/inherits cache-miss
492 silly fetch manifest string_decoder@^1.1.1
493 silly packumentCache full:https://registry.npmjs.org/string_decoder cache-miss
494 silly fetch manifest util-deprecate@^1.0.1
495 silly packumentCache full:https://registry.npmjs.org/util-deprecate cache-miss
496 http fetch GET 200 https://registry.npmjs.org/inherits 31ms (cache miss)
497 silly packumentCache full:https://registry.npmjs.org/inherits set size:undefined disposed:false
498 http fetch GET 200 https://registry.npmjs.org/string_decoder 32ms (cache miss)
499 silly packumentCache full:https://registry.npmjs.org/string_decoder set size:undefined disposed:false
500 http fetch GET 200 https://registry.npmjs.org/util-deprecate 43ms (cache miss)
501 silly packumentCache full:https://registry.npmjs.org/util-deprecate set size:undefined disposed:false
502 silly placeDep ROOT inherits@2.0.4 OK for: readable-stream@3.6.2 want: ^2.0.3
503 silly placeDep ROOT string_decoder@1.3.0 OK for: readable-stream@3.6.2 want: ^1.1.1
504 silly placeDep ROOT util-deprecate@1.0.2 OK for: readable-stream@3.6.2 want: ^1.0.1
505 silly fetch manifest safe-buffer@~5.2.0
506 silly packumentCache full:https://registry.npmjs.org/safe-buffer cache-miss
507 http fetch GET 200 https://registry.npmjs.org/safe-buffer 34ms (cache miss)
508 silly packumentCache full:https://registry.npmjs.org/safe-buffer set size:undefined disposed:false
509 silly placeDep ROOT safe-buffer@5.2.1 OK for: string_decoder@1.3.0 want: ~5.2.0
510 silly placeDep ROOT isexe@2.0.0 OK for: which@2.0.2 want: ^2.0.0
511 silly placeDep node_modules/xml2js xmlbuilder@11.0.1 OK for: xml2js@0.6.2 want: ~11.0.0
512 silly placeDep ROOT buffer-crc32@0.2.13 OK for: yauzl@2.10.0 want: ~0.2.3
513 silly placeDep ROOT fd-slicer@1.1.0 OK for: yauzl@2.10.0 want: ~1.1.0
514 silly fetch manifest pend@~1.2.0
515 silly packumentCache full:https://registry.npmjs.org/pend cache-miss
516 http fetch GET 200 https://registry.npmjs.org/pend 30ms (cache miss)
517 silly packumentCache full:https://registry.npmjs.org/pend set size:undefined disposed:false
518 silly placeDep ROOT pend@1.2.0 OK for: fd-slicer@1.1.0 want: ~1.2.0
519 silly placeDep ROOT at-least-node@1.0.0 OK for: fs-extra@9.1.0 want: ^1.0.0
520 silly reify moves {}
521 silly audit bulk request {
521 silly audit   '@capacitor/cli': [ '8.3.0' ],
521 silly audit   '@capacitor/core': [ '8.3.0' ],
521 silly audit   '@capacitor/ios': [ '8.3.0' ],
521 silly audit   '@ionic/cli-framework-output': [ '2.2.8' ],
521 silly audit   '@ionic/utils-subprocess': [ '3.0.1' ],
521 silly audit   '@ionic/utils-terminal': [ '2.3.5' ],
521 silly audit   commander: [ '12.1.0' ],
521 silly audit   debug: [ '4.4.3' ],
521 silly audit   'env-paths': [ '2.2.1' ],
521 silly audit   'fs-extra': [ '11.3.4', '9.1.0' ],
521 silly audit   kleur: [ '4.1.5', '3.0.3' ],
521 silly audit   'native-run': [ '2.0.3' ],
521 silly audit   open: [ '8.4.2' ],
521 silly audit   plist: [ '3.1.0' ],
521 silly audit   prompts: [ '2.4.2' ],
521 silly audit   rimraf: [ '6.1.3' ],
521 silly audit   semver: [ '7.7.4' ],
521 silly audit   tar: [ '7.5.13' ],
521 silly audit   tslib: [ '2.8.1' ],
521 silly audit   xml2js: [ '0.6.2' ],
521 silly audit   '@ionic/utils-array': [ '2.1.6' ],
521 silly audit   '@ionic/utils-fs': [ '3.1.7' ],
521 silly audit   '@ionic/utils-process': [ '2.1.12' ],
521 silly audit   '@ionic/utils-stream': [ '3.1.7' ],
521 silly audit   'cross-spawn': [ '7.0.6' ],
521 silly audit   '@types/fs-extra': [ '8.1.5' ],
521 silly audit   '@ionic/utils-object': [ '2.1.6' ],
521 silly audit   'signal-exit': [ '3.0.7' ],
521 silly audit   'tree-kill': [ '1.2.2' ],
521 silly audit   '@types/slice-ansi': [ '4.0.0' ],
521 silly audit   'slice-ansi': [ '4.0.0' ],
521 silly audit   'string-width': [ '4.2.3' ],
521 silly audit   'strip-ansi': [ '6.0.1' ],
521 silly audit   untildify: [ '4.0.0' ],
521 silly audit   'wrap-ansi': [ '7.0.0' ],
521 silly audit   '@types/node': [ '25.5.0' ],
521 silly audit   'undici-types': [ '7.18.2' ],
521 silly audit   'path-key': [ '3.1.1' ],
521 silly audit   'shebang-command': [ '2.0.0' ],
521 silly audit   which: [ '2.0.2' ],
521 silly audit   ms: [ '2.1.3' ],
521 silly audit   'graceful-fs': [ '4.2.11' ],
521 silly audit   jsonfile: [ '6.2.0' ],
521 silly audit   universalify: [ '2.0.1' ],
521 silly audit   'bplist-parser': [ '0.3.2' ],
521 silly audit   elementtree: [ '0.1.7' ],
521 silly audit   ini: [ '4.1.3' ],
521 silly audit   split2: [ '4.2.0' ],
521 silly audit   through2: [ '4.0.2' ],
521 silly audit   yauzl: [ '2.10.0' ],
521 silly audit   'big-integer': [ '1.6.52' ],
521 silly audit   sax: [ '1.1.4' ],
521 silly audit   'define-lazy-prop': [ '2.0.0' ],
521 silly audit   'is-docker': [ '2.2.1' ],
521 silly audit   'is-wsl': [ '2.2.0' ],
521 silly audit   '@xmldom/xmldom': [ '0.8.11' ],
521 silly audit   'base64-js': [ '1.5.1' ],
521 silly audit   xmlbuilder: [ '15.1.1', '11.0.1' ],
521 silly audit   sisteransi: [ '1.0.5' ],
521 silly audit   glob: [ '13.0.6' ],
521 silly audit   'package-json-from-dist': [ '1.0.1' ],
521 silly audit   minimatch: [ '10.2.4' ],
521 silly audit   minipass: [ '7.1.3' ],
521 silly audit   'path-scurry': [ '2.0.2' ],
521 silly audit   'brace-expansion': [ '5.0.5' ],
521 silly audit   'balanced-match': [ '4.0.4' ],
521 silly audit   'lru-cache': [ '11.2.7' ],
521 silly audit   'shebang-regex': [ '3.0.0' ],
521 silly audit   'ansi-styles': [ '4.3.0' ],
521 silly audit   'astral-regex': [ '2.0.0' ],
521 silly audit   'is-fullwidth-code-point': [ '3.0.0' ],
521 silly audit   'color-convert': [ '2.0.1' ],
521 silly audit   'color-name': [ '1.1.4' ],
521 silly audit   'emoji-regex': [ '8.0.0' ],
521 silly audit   'ansi-regex': [ '5.0.1' ],
521 silly audit   '@isaacs/fs-minipass': [ '4.0.1' ],
521 silly audit   chownr: [ '3.0.0' ],
521 silly audit   minizlib: [ '3.1.0' ],
521 silly audit   yallist: [ '5.0.0' ],
521 silly audit   'readable-stream': [ '3.6.2' ],
521 silly audit   inherits: [ '2.0.4' ],
521 silly audit   string_decoder: [ '1.3.0' ],
521 silly audit   'util-deprecate': [ '1.0.2' ],
521 silly audit   'safe-buffer': [ '5.2.1' ],
521 silly audit   isexe: [ '2.0.0' ],
521 silly audit   'buffer-crc32': [ '0.2.13' ],
521 silly audit   'fd-slicer': [ '1.1.0' ],
521 silly audit   pend: [ '1.2.0' ],
521 silly audit   'at-least-node': [ '1.0.0' ]
521 silly audit }
522 http cache at-least-node@https://registry.npmjs.org/at-least-node/-/at-least-node-1.0.0.tgz 1ms (cache hit)
523 http cache fd-slicer@https://registry.npmjs.org/fd-slicer/-/fd-slicer-1.1.0.tgz 0ms (cache hit)
524 http cache isexe@https://registry.npmjs.org/isexe/-/isexe-2.0.0.tgz 0ms (cache hit)
525 http cache buffer-crc32@https://registry.npmjs.org/buffer-crc32/-/buffer-crc32-0.2.13.tgz 0ms (cache hit)
526 http cache safe-buffer@https://registry.npmjs.org/safe-buffer/-/safe-buffer-5.2.1.tgz 0ms (cache hit)
527 http cache pend@https://registry.npmjs.org/pend/-/pend-1.2.0.tgz 0ms (cache hit)
528 http cache util-deprecate@https://registry.npmjs.org/util-deprecate/-/util-deprecate-1.0.2.tgz 0ms (cache hit)
529 http cache string_decoder@https://registry.npmjs.org/string_decoder/-/string_decoder-1.3.0.tgz 0ms (cache hit)
530 http cache yallist@https://registry.npmjs.org/yallist/-/yallist-5.0.0.tgz 0ms (cache hit)
531 http cache readable-stream@https://registry.npmjs.org/readable-stream/-/readable-stream-3.6.2.tgz 0ms (cache hit)
532 http cache inherits@https://registry.npmjs.org/inherits/-/inherits-2.0.4.tgz 0ms (cache hit)
533 http cache minizlib@https://registry.npmjs.org/minizlib/-/minizlib-3.1.0.tgz 1ms (cache hit)
534 http cache chownr@https://registry.npmjs.org/chownr/-/chownr-3.0.0.tgz 0ms (cache hit)
535 http cache @isaacs/fs-minipass@https://registry.npmjs.org/@isaacs/fs-minipass/-/fs-minipass-4.0.1.tgz 0ms (cache hit)
536 http cache ansi-regex@https://registry.npmjs.org/ansi-regex/-/ansi-regex-5.0.1.tgz 0ms (cache hit)
537 http cache emoji-regex@https://registry.npmjs.org/emoji-regex/-/emoji-regex-8.0.0.tgz 0ms (cache hit)
538 http cache color-convert@https://registry.npmjs.org/color-convert/-/color-convert-2.0.1.tgz 0ms (cache hit)
539 http cache is-fullwidth-code-point@https://registry.npmjs.org/is-fullwidth-code-point/-/is-fullwidth-code-point-3.0.0.tgz 0ms (cache hit)
540 http cache astral-regex@https://registry.npmjs.org/astral-regex/-/astral-regex-2.0.0.tgz 0ms (cache hit)
541 http cache ansi-styles@https://registry.npmjs.org/ansi-styles/-/ansi-styles-4.3.0.tgz 0ms (cache hit)
542 http cache shebang-regex@https://registry.npmjs.org/shebang-regex/-/shebang-regex-3.0.0.tgz 0ms (cache hit)
543 http cache lru-cache@https://registry.npmjs.org/lru-cache/-/lru-cache-11.2.7.tgz 0ms (cache hit)
544 http cache balanced-match@https://registry.npmjs.org/balanced-match/-/balanced-match-4.0.4.tgz 0ms (cache hit)
545 http cache color-name@https://registry.npmjs.org/color-name/-/color-name-1.1.4.tgz 0ms (cache hit)
546 http cache path-scurry@https://registry.npmjs.org/path-scurry/-/path-scurry-2.0.2.tgz 0ms (cache hit)
547 http cache brace-expansion@https://registry.npmjs.org/brace-expansion/-/brace-expansion-5.0.5.tgz 0ms (cache hit)
548 http cache minimatch@https://registry.npmjs.org/minimatch/-/minimatch-10.2.4.tgz 0ms (cache hit)
549 http cache minipass@https://registry.npmjs.org/minipass/-/minipass-7.1.3.tgz 0ms (cache hit)
550 http cache package-json-from-dist@https://registry.npmjs.org/package-json-from-dist/-/package-json-from-dist-1.0.1.tgz 0ms (cache hit)
551 http cache xmlbuilder@https://registry.npmjs.org/xmlbuilder/-/xmlbuilder-15.1.1.tgz 0ms (cache hit)
552 http cache glob@https://registry.npmjs.org/glob/-/glob-13.0.6.tgz 0ms (cache hit)
553 http cache is-wsl@https://registry.npmjs.org/is-wsl/-/is-wsl-2.2.0.tgz 0ms (cache hit)
554 http cache is-docker@https://registry.npmjs.org/is-docker/-/is-docker-2.2.1.tgz 0ms (cache hit)
555 http cache base64-js@https://registry.npmjs.org/base64-js/-/base64-js-1.5.1.tgz 0ms (cache hit)
556 http cache define-lazy-prop@https://registry.npmjs.org/define-lazy-prop/-/define-lazy-prop-2.0.0.tgz 0ms (cache hit)
557 http cache @xmldom/xmldom@https://registry.npmjs.org/@xmldom/xmldom/-/xmldom-0.8.11.tgz 0ms (cache hit)
558 http cache yauzl@https://registry.npmjs.org/yauzl/-/yauzl-2.10.0.tgz 0ms (cache hit)
559 http cache big-integer@https://registry.npmjs.org/big-integer/-/big-integer-1.6.52.tgz 0ms (cache hit)
560 http cache split2@https://registry.npmjs.org/split2/-/split2-4.2.0.tgz 0ms (cache hit)
561 http cache sax@https://registry.npmjs.org/sax/-/sax-1.1.4.tgz 0ms (cache hit)
562 http cache through2@https://registry.npmjs.org/through2/-/through2-4.0.2.tgz 0ms (cache hit)
563 http cache elementtree@https://registry.npmjs.org/elementtree/-/elementtree-0.1.7.tgz 0ms (cache hit)
564 http cache bplist-parser@https://registry.npmjs.org/bplist-parser/-/bplist-parser-0.3.2.tgz 0ms (cache hit)
565 http cache ini@https://registry.npmjs.org/ini/-/ini-4.1.3.tgz 0ms (cache hit)
566 http cache universalify@https://registry.npmjs.org/universalify/-/universalify-2.0.1.tgz 0ms (cache hit)
567 http cache graceful-fs@https://registry.npmjs.org/graceful-fs/-/graceful-fs-4.2.11.tgz 0ms (cache hit)
568 http cache jsonfile@https://registry.npmjs.org/jsonfile/-/jsonfile-6.2.0.tgz 0ms (cache hit)
569 http cache sisteransi@https://registry.npmjs.org/sisteransi/-/sisteransi-1.0.5.tgz 0ms (cache hit)
570 http cache which@https://registry.npmjs.org/which/-/which-2.0.2.tgz 0ms (cache hit)
571 http cache shebang-command@https://registry.npmjs.org/shebang-command/-/shebang-command-2.0.0.tgz 0ms (cache hit)
572 http cache undici-types@https://registry.npmjs.org/undici-types/-/undici-types-7.18.2.tgz 0ms (cache hit)
573 http cache path-key@https://registry.npmjs.org/path-key/-/path-key-3.1.1.tgz 0ms (cache hit)
574 http cache @types/node@https://registry.npmjs.org/@types/node/-/node-25.5.0.tgz 0ms (cache hit)
575 http cache wrap-ansi@https://registry.npmjs.org/wrap-ansi/-/wrap-ansi-7.0.0.tgz 0ms (cache hit)
576 http cache strip-ansi@https://registry.npmjs.org/strip-ansi/-/strip-ansi-6.0.1.tgz 0ms (cache hit)
577 http cache untildify@https://registry.npmjs.org/untildify/-/untildify-4.0.0.tgz 0ms (cache hit)
578 http cache slice-ansi@https://registry.npmjs.org/slice-ansi/-/slice-ansi-4.0.0.tgz 0ms (cache hit)
579 http cache string-width@https://registry.npmjs.org/string-width/-/string-width-4.2.3.tgz 0ms (cache hit)
580 http cache @types/slice-ansi@https://registry.npmjs.org/@types/slice-ansi/-/slice-ansi-4.0.0.tgz 0ms (cache hit)
581 http cache tree-kill@https://registry.npmjs.org/tree-kill/-/tree-kill-1.2.2.tgz 0ms (cache hit)
582 http cache @types/fs-extra@https://registry.npmjs.org/@types/fs-extra/-/fs-extra-8.1.5.tgz 0ms (cache hit)
583 http cache @ionic/utils-object@https://registry.npmjs.org/@ionic/utils-object/-/utils-object-2.1.6.tgz 0ms (cache hit)
584 http cache signal-exit@https://registry.npmjs.org/signal-exit/-/signal-exit-3.0.7.tgz 0ms (cache hit)
585 http cache cross-spawn@https://registry.npmjs.org/cross-spawn/-/cross-spawn-7.0.6.tgz 0ms (cache hit)
586 http cache @ionic/utils-stream@https://registry.npmjs.org/@ionic/utils-stream/-/utils-stream-3.1.7.tgz 0ms (cache hit)
587 http cache @ionic/utils-process@https://registry.npmjs.org/@ionic/utils-process/-/utils-process-2.1.12.tgz 0ms (cache hit)
588 http cache @ionic/utils-array@https://registry.npmjs.org/@ionic/utils-array/-/utils-array-2.1.6.tgz 0ms (cache hit)
589 http cache @ionic/utils-fs@https://registry.npmjs.org/@ionic/utils-fs/-/utils-fs-3.1.7.tgz 0ms (cache hit)
590 http cache tslib@https://registry.npmjs.org/tslib/-/tslib-2.8.1.tgz 0ms (cache hit)
591 http cache xml2js@https://registry.npmjs.org/xml2js/-/xml2js-0.6.2.tgz 0ms (cache hit)
592 http cache tar@https://registry.npmjs.org/tar/-/tar-7.5.13.tgz 0ms (cache hit)
593 http cache semver@https://registry.npmjs.org/semver/-/semver-7.7.4.tgz 0ms (cache hit)
594 http cache rimraf@https://registry.npmjs.org/rimraf/-/rimraf-6.1.3.tgz 0ms (cache hit)
595 http cache plist@https://registry.npmjs.org/plist/-/plist-3.1.0.tgz 0ms (cache hit)
596 http cache prompts@https://registry.npmjs.org/prompts/-/prompts-2.4.2.tgz 0ms (cache hit)
597 http cache native-run@https://registry.npmjs.org/native-run/-/native-run-2.0.3.tgz 0ms (cache hit)
598 http cache open@https://registry.npmjs.org/open/-/open-8.4.2.tgz 0ms (cache hit)
599 http cache kleur@https://registry.npmjs.org/kleur/-/kleur-4.1.5.tgz 0ms (cache hit)
600 http cache fs-extra@https://registry.npmjs.org/fs-extra/-/fs-extra-11.3.4.tgz 0ms (cache hit)
601 http cache env-paths@https://registry.npmjs.org/env-paths/-/env-paths-2.2.1.tgz 0ms (cache hit)
602 http cache commander@https://registry.npmjs.org/commander/-/commander-12.1.0.tgz 0ms (cache hit)
603 http cache debug@https://registry.npmjs.org/debug/-/debug-4.4.3.tgz 0ms (cache hit)
604 http cache @ionic/utils-subprocess@https://registry.npmjs.org/@ionic/utils-subprocess/-/utils-subprocess-3.0.1.tgz 0ms (cache hit)
605 http cache @ionic/utils-terminal@https://registry.npmjs.org/@ionic/utils-terminal/-/utils-terminal-2.3.5.tgz 0ms (cache hit)
606 http cache @capacitor/ios@https://registry.npmjs.org/@capacitor/ios/-/ios-8.3.0.tgz 0ms (cache hit)
607 http cache @ionic/cli-framework-output@https://registry.npmjs.org/@ionic/cli-framework-output/-/cli-framework-output-2.2.8.tgz 0ms (cache hit)
608 http cache @capacitor/core@https://registry.npmjs.org/@capacitor/core/-/core-8.3.0.tgz 0ms (cache hit)
609 http cache fs-extra@https://registry.npmjs.org/fs-extra/-/fs-extra-9.1.0.tgz 0ms (cache hit)
610 http cache @capacitor/cli@https://registry.npmjs.org/@capacitor/cli/-/cli-8.3.0.tgz 0ms (cache hit)
611 http cache kleur@https://registry.npmjs.org/kleur/-/kleur-3.0.3.tgz 0ms (cache hit)
612 http cache xmlbuilder@https://registry.npmjs.org/xmlbuilder/-/xmlbuilder-11.0.1.tgz 0ms (cache hit)
613 http cache ms@https://registry.npmjs.org/ms/-/ms-2.1.3.tgz 0ms (cache hit)
614 silly tarball no local data for at-least-node@https://registry.npmjs.org/at-least-node/-/at-least-node-1.0.0.tgz. Extracting by manifest.
615 silly tarball no local data for fd-slicer@https://registry.npmjs.org/fd-slicer/-/fd-slicer-1.1.0.tgz. Extracting by manifest.
616 silly tarball no local data for isexe@https://registry.npmjs.org/isexe/-/isexe-2.0.0.tgz. Extracting by manifest.
617 silly tarball no local data for buffer-crc32@https://registry.npmjs.org/buffer-crc32/-/buffer-crc32-0.2.13.tgz. Extracting by manifest.
618 silly tarball no local data for safe-buffer@https://registry.npmjs.org/safe-buffer/-/safe-buffer-5.2.1.tgz. Extracting by manifest.
619 silly tarball no local data for pend@https://registry.npmjs.org/pend/-/pend-1.2.0.tgz. Extracting by manifest.
620 silly tarball no local data for util-deprecate@https://registry.npmjs.org/util-deprecate/-/util-deprecate-1.0.2.tgz. Extracting by manifest.
621 silly tarball no local data for string_decoder@https://registry.npmjs.org/string_decoder/-/string_decoder-1.3.0.tgz. Extracting by manifest.
622 silly tarball no local data for yallist@https://registry.npmjs.org/yallist/-/yallist-5.0.0.tgz. Extracting by manifest.
623 silly tarball no local data for readable-stream@https://registry.npmjs.org/readable-stream/-/readable-stream-3.6.2.tgz. Extracting by manifest.
624 silly tarball no local data for inherits@https://registry.npmjs.org/inherits/-/inherits-2.0.4.tgz. Extracting by manifest.
625 silly tarball no local data for minizlib@https://registry.npmjs.org/minizlib/-/minizlib-3.1.0.tgz. Extracting by manifest.
626 silly tarball no local data for chownr@https://registry.npmjs.org/chownr/-/chownr-3.0.0.tgz. Extracting by manifest.
627 silly tarball no local data for @isaacs/fs-minipass@https://registry.npmjs.org/@isaacs/fs-minipass/-/fs-minipass-4.0.1.tgz. Extracting by manifest.
628 silly tarball no local data for ansi-regex@https://registry.npmjs.org/ansi-regex/-/ansi-regex-5.0.1.tgz. Extracting by manifest.
629 silly tarball no local data for emoji-regex@https://registry.npmjs.org/emoji-regex/-/emoji-regex-8.0.0.tgz. Extracting by manifest.
630 silly tarball no local data for color-convert@https://registry.npmjs.org/color-convert/-/color-convert-2.0.1.tgz. Extracting by manifest.
631 silly tarball no local data for is-fullwidth-code-point@https://registry.npmjs.org/is-fullwidth-code-point/-/is-fullwidth-code-point-3.0.0.tgz. Extracting by manifest.
632 silly tarball no local data for astral-regex@https://registry.npmjs.org/astral-regex/-/astral-regex-2.0.0.tgz. Extracting by manifest.
633 silly tarball no local data for ansi-styles@https://registry.npmjs.org/ansi-styles/-/ansi-styles-4.3.0.tgz. Extracting by manifest.
634 silly tarball no local data for shebang-regex@https://registry.npmjs.org/shebang-regex/-/shebang-regex-3.0.0.tgz. Extracting by manifest.
635 silly tarball no local data for lru-cache@https://registry.npmjs.org/lru-cache/-/lru-cache-11.2.7.tgz. Extracting by manifest.
636 silly tarball no local data for balanced-match@https://registry.npmjs.org/balanced-match/-/balanced-match-4.0.4.tgz. Extracting by manifest.
637 silly tarball no local data for color-name@https://registry.npmjs.org/color-name/-/color-name-1.1.4.tgz. Extracting by manifest.
638 silly tarball no local data for path-scurry@https://registry.npmjs.org/path-scurry/-/path-scurry-2.0.2.tgz. Extracting by manifest.
639 silly tarball no local data for brace-expansion@https://registry.npmjs.org/brace-expansion/-/brace-expansion-5.0.5.tgz. Extracting by manifest.
640 silly tarball no local data for minimatch@https://registry.npmjs.org/minimatch/-/minimatch-10.2.4.tgz. Extracting by manifest.
641 silly tarball no local data for minipass@https://registry.npmjs.org/minipass/-/minipass-7.1.3.tgz. Extracting by manifest.
642 silly tarball no local data for package-json-from-dist@https://registry.npmjs.org/package-json-from-dist/-/package-json-from-dist-1.0.1.tgz. Extracting by manifest.
643 silly tarball no local data for xmlbuilder@https://registry.npmjs.org/xmlbuilder/-/xmlbuilder-15.1.1.tgz. Extracting by manifest.
644 silly tarball no local data for glob@https://registry.npmjs.org/glob/-/glob-13.0.6.tgz. Extracting by manifest.
645 silly tarball no local data for is-wsl@https://registry.npmjs.org/is-wsl/-/is-wsl-2.2.0.tgz. Extracting by manifest.
646 silly tarball no local data for is-docker@https://registry.npmjs.org/is-docker/-/is-docker-2.2.1.tgz. Extracting by manifest.
647 silly tarball no local data for base64-js@https://registry.npmjs.org/base64-js/-/base64-js-1.5.1.tgz. Extracting by manifest.
648 silly tarball no local data for define-lazy-prop@https://registry.npmjs.org/define-lazy-prop/-/define-lazy-prop-2.0.0.tgz. Extracting by manifest.
649 silly tarball no local data for @xmldom/xmldom@https://registry.npmjs.org/@xmldom/xmldom/-/xmldom-0.8.11.tgz. Extracting by manifest.
650 silly tarball no local data for yauzl@https://registry.npmjs.org/yauzl/-/yauzl-2.10.0.tgz. Extracting by manifest.
651 silly tarball no local data for big-integer@https://registry.npmjs.org/big-integer/-/big-integer-1.6.52.tgz. Extracting by manifest.
652 silly tarball no local data for split2@https://registry.npmjs.org/split2/-/split2-4.2.0.tgz. Extracting by manifest.
653 silly tarball no local data for sax@https://registry.npmjs.org/sax/-/sax-1.1.4.tgz. Extracting by manifest.
654 silly tarball no local data for through2@https://registry.npmjs.org/through2/-/through2-4.0.2.tgz. Extracting by manifest.
655 silly tarball no local data for elementtree@https://registry.npmjs.org/elementtree/-/elementtree-0.1.7.tgz. Extracting by manifest.
656 silly tarball no local data for bplist-parser@https://registry.npmjs.org/bplist-parser/-/bplist-parser-0.3.2.tgz. Extracting by manifest.
657 silly tarball no local data for ini@https://registry.npmjs.org/ini/-/ini-4.1.3.tgz. Extracting by manifest.
658 silly tarball no local data for universalify@https://registry.npmjs.org/universalify/-/universalify-2.0.1.tgz. Extracting by manifest.
659 silly tarball no local data for graceful-fs@https://registry.npmjs.org/graceful-fs/-/graceful-fs-4.2.11.tgz. Extracting by manifest.
660 silly tarball no local data for jsonfile@https://registry.npmjs.org/jsonfile/-/jsonfile-6.2.0.tgz. Extracting by manifest.
661 silly tarball no local data for sisteransi@https://registry.npmjs.org/sisteransi/-/sisteransi-1.0.5.tgz. Extracting by manifest.
662 silly tarball no local data for which@https://registry.npmjs.org/which/-/which-2.0.2.tgz. Extracting by manifest.
663 silly tarball no local data for shebang-command@https://registry.npmjs.org/shebang-command/-/shebang-command-2.0.0.tgz. Extracting by manifest.
664 silly tarball no local data for undici-types@https://registry.npmjs.org/undici-types/-/undici-types-7.18.2.tgz. Extracting by manifest.
665 silly tarball no local data for path-key@https://registry.npmjs.org/path-key/-/path-key-3.1.1.tgz. Extracting by manifest.
666 silly tarball no local data for @types/node@https://registry.npmjs.org/@types/node/-/node-25.5.0.tgz. Extracting by manifest.
667 silly tarball no local data for wrap-ansi@https://registry.npmjs.org/wrap-ansi/-/wrap-ansi-7.0.0.tgz. Extracting by manifest.
668 silly tarball no local data for strip-ansi@https://registry.npmjs.org/strip-ansi/-/strip-ansi-6.0.1.tgz. Extracting by manifest.
669 silly tarball no local data for untildify@https://registry.npmjs.org/untildify/-/untildify-4.0.0.tgz. Extracting by manifest.
670 silly tarball no local data for slice-ansi@https://registry.npmjs.org/slice-ansi/-/slice-ansi-4.0.0.tgz. Extracting by manifest.
671 silly tarball no local data for string-width@https://registry.npmjs.org/string-width/-/string-width-4.2.3.tgz. Extracting by manifest.
672 silly tarball no local data for @types/slice-ansi@https://registry.npmjs.org/@types/slice-ansi/-/slice-ansi-4.0.0.tgz. Extracting by manifest.
673 silly tarball no local data for tree-kill@https://registry.npmjs.org/tree-kill/-/tree-kill-1.2.2.tgz. Extracting by manifest.
674 silly tarball no local data for @types/fs-extra@https://registry.npmjs.org/@types/fs-extra/-/fs-extra-8.1.5.tgz. Extracting by manifest.
675 silly tarball no local data for @ionic/utils-object@https://registry.npmjs.org/@ionic/utils-object/-/utils-object-2.1.6.tgz. Extracting by manifest.
676 silly tarball no local data for signal-exit@https://registry.npmjs.org/signal-exit/-/signal-exit-3.0.7.tgz. Extracting by manifest.
677 silly tarball no local data for cross-spawn@https://registry.npmjs.org/cross-spawn/-/cross-spawn-7.0.6.tgz. Extracting by manifest.
678 silly tarball no local data for @ionic/utils-stream@https://registry.npmjs.org/@ionic/utils-stream/-/utils-stream-3.1.7.tgz. Extracting by manifest.
679 silly tarball no local data for @ionic/utils-process@https://registry.npmjs.org/@ionic/utils-process/-/utils-process-2.1.12.tgz. Extracting by manifest.
680 silly tarball no local data for @ionic/utils-array@https://registry.npmjs.org/@ionic/utils-array/-/utils-array-2.1.6.tgz. Extracting by manifest.
681 silly tarball no local data for @ionic/utils-fs@https://registry.npmjs.org/@ionic/utils-fs/-/utils-fs-3.1.7.tgz. Extracting by manifest.
682 silly tarball no local data for tslib@https://registry.npmjs.org/tslib/-/tslib-2.8.1.tgz. Extracting by manifest.
683 silly tarball no local data for xml2js@https://registry.npmjs.org/xml2js/-/xml2js-0.6.2.tgz. Extracting by manifest.
684 silly tarball no local data for tar@https://registry.npmjs.org/tar/-/tar-7.5.13.tgz. Extracting by manifest.
685 silly tarball no local data for semver@https://registry.npmjs.org/semver/-/semver-7.7.4.tgz. Extracting by manifest.
686 silly tarball no local data for rimraf@https://registry.npmjs.org/rimraf/-/rimraf-6.1.3.tgz. Extracting by manifest.
687 silly tarball no local data for plist@https://registry.npmjs.org/plist/-/plist-3.1.0.tgz. Extracting by manifest.
688 silly tarball no local data for prompts@https://registry.npmjs.org/prompts/-/prompts-2.4.2.tgz. Extracting by manifest.
689 silly tarball no local data for native-run@https://registry.npmjs.org/native-run/-/native-run-2.0.3.tgz. Extracting by manifest.
690 silly tarball no local data for open@https://registry.npmjs.org/open/-/open-8.4.2.tgz. Extracting by manifest.
691 silly tarball no local data for kleur@https://registry.npmjs.org/kleur/-/kleur-4.1.5.tgz. Extracting by manifest.
692 silly tarball no local data for fs-extra@https://registry.npmjs.org/fs-extra/-/fs-extra-11.3.4.tgz. Extracting by manifest.
693 silly tarball no local data for env-paths@https://registry.npmjs.org/env-paths/-/env-paths-2.2.1.tgz. Extracting by manifest.
694 silly tarball no local data for commander@https://registry.npmjs.org/commander/-/commander-12.1.0.tgz. Extracting by manifest.
695 silly tarball no local data for debug@https://registry.npmjs.org/debug/-/debug-4.4.3.tgz. Extracting by manifest.
696 silly tarball no local data for @ionic/utils-subprocess@https://registry.npmjs.org/@ionic/utils-subprocess/-/utils-subprocess-3.0.1.tgz. Extracting by manifest.
697 silly tarball no local data for @ionic/utils-terminal@https://registry.npmjs.org/@ionic/utils-terminal/-/utils-terminal-2.3.5.tgz. Extracting by manifest.
698 silly tarball no local data for @capacitor/ios@https://registry.npmjs.org/@capacitor/ios/-/ios-8.3.0.tgz. Extracting by manifest.
699 silly tarball no local data for @ionic/cli-framework-output@https://registry.npmjs.org/@ionic/cli-framework-output/-/cli-framework-output-2.2.8.tgz. Extracting by manifest.
700 silly tarball no local data for @capacitor/core@https://registry.npmjs.org/@capacitor/core/-/core-8.3.0.tgz. Extracting by manifest.
701 silly tarball no local data for fs-extra@https://registry.npmjs.org/fs-extra/-/fs-extra-9.1.0.tgz. Extracting by manifest.
702 silly tarball no local data for @capacitor/cli@https://registry.npmjs.org/@capacitor/cli/-/cli-8.3.0.tgz. Extracting by manifest.
703 silly tarball no local data for kleur@https://registry.npmjs.org/kleur/-/kleur-3.0.3.tgz. Extracting by manifest.
704 silly tarball no local data for xmlbuilder@https://registry.npmjs.org/xmlbuilder/-/xmlbuilder-11.0.1.tgz. Extracting by manifest.
705 silly tarball no local data for ms@https://registry.npmjs.org/ms/-/ms-2.1.3.tgz. Extracting by manifest.
706 http fetch POST 200 https://registry.npmjs.org/-/npm/v1/security/advisories/bulk 243ms
707 silly audit report {}
708 http fetch GET 200 https://registry.npmjs.org/at-least-node/-/at-least-node-1.0.0.tgz 759ms (cache miss)
709 http fetch GET 200 https://registry.npmjs.org/safe-buffer/-/safe-buffer-5.2.1.tgz 773ms (cache miss)
710 http fetch GET 200 https://registry.npmjs.org/pend/-/pend-1.2.0.tgz 790ms (cache miss)
711 http fetch GET 200 https://registry.npmjs.org/buffer-crc32/-/buffer-crc32-0.2.13.tgz 792ms (cache miss)
712 http fetch GET 200 https://registry.npmjs.org/isexe/-/isexe-2.0.0.tgz 794ms (cache miss)
713 http fetch GET 200 https://registry.npmjs.org/fd-slicer/-/fd-slicer-1.1.0.tgz 796ms (cache miss)
714 http fetch GET 200 https://registry.npmjs.org/ansi-regex/-/ansi-regex-5.0.1.tgz 788ms (cache miss)
715 http fetch GET 200 https://registry.npmjs.org/emoji-regex/-/emoji-regex-8.0.0.tgz 807ms (cache miss)
716 http fetch GET 200 https://registry.npmjs.org/is-fullwidth-code-point/-/is-fullwidth-code-point-3.0.0.tgz 826ms (cache miss)
717 http fetch GET 200 https://registry.npmjs.org/astral-regex/-/astral-regex-2.0.0.tgz 826ms (cache miss)
718 http fetch GET 200 https://registry.npmjs.org/color-convert/-/color-convert-2.0.1.tgz 844ms (cache miss)
719 http fetch GET 200 https://registry.npmjs.org/color-name/-/color-name-1.1.4.tgz 842ms (cache miss)
720 http fetch GET 200 https://registry.npmjs.org/ansi-styles/-/ansi-styles-4.3.0.tgz 858ms (cache miss)
721 http fetch GET 200 https://registry.npmjs.org/brace-expansion/-/brace-expansion-5.0.5.tgz 857ms (cache miss)
722 http fetch GET 200 https://registry.npmjs.org/shebang-regex/-/shebang-regex-3.0.0.tgz 872ms (cache miss)
723 http fetch GET 200 https://registry.npmjs.org/base64-js/-/base64-js-1.5.1.tgz 864ms (cache miss)
724 http fetch GET 200 https://registry.npmjs.org/is-docker/-/is-docker-2.2.1.tgz 866ms (cache miss)
725 http fetch GET 200 https://registry.npmjs.org/inherits/-/inherits-2.0.4.tgz 899ms (cache miss)
726 http fetch GET 200 https://registry.npmjs.org/bplist-parser/-/bplist-parser-0.3.2.tgz 879ms (cache miss)
727 http fetch GET 200 https://registry.npmjs.org/is-wsl/-/is-wsl-2.2.0.tgz 887ms (cache miss)
728 http fetch GET 200 https://registry.npmjs.org/which/-/which-2.0.2.tgz 878ms (cache miss)
729 http fetch GET 200 https://registry.npmjs.org/strip-ansi/-/strip-ansi-6.0.1.tgz 878ms (cache miss)
730 http fetch GET 200 https://registry.npmjs.org/util-deprecate/-/util-deprecate-1.0.2.tgz 916ms (cache miss)
731 http fetch GET 200 https://registry.npmjs.org/shebang-command/-/shebang-command-2.0.0.tgz 892ms (cache miss)
732 http fetch GET 200 https://registry.npmjs.org/define-lazy-prop/-/define-lazy-prop-2.0.0.tgz 908ms (cache miss)
733 http fetch GET 200 https://registry.npmjs.org/yauzl/-/yauzl-2.10.0.tgz 908ms (cache miss)
734 http fetch GET 200 https://registry.npmjs.org/jsonfile/-/jsonfile-6.2.0.tgz 904ms (cache miss)
735 http fetch GET 200 https://registry.npmjs.org/untildify/-/untildify-4.0.0.tgz 904ms (cache miss)
736 http fetch GET 200 https://registry.npmjs.org/kleur/-/kleur-4.1.5.tgz 892ms (cache miss)
737 http fetch GET 200 https://registry.npmjs.org/string_decoder/-/string_decoder-1.3.0.tgz 939ms (cache miss)
738 http fetch GET 200 https://registry.npmjs.org/through2/-/through2-4.0.2.tgz 920ms (cache miss)
739 http fetch GET 200 https://registry.npmjs.org/sisteransi/-/sisteransi-1.0.5.tgz 916ms (cache miss)
740 http fetch GET 200 https://registry.npmjs.org/tree-kill/-/tree-kill-1.2.2.tgz 910ms (cache miss)
741 http fetch GET 200 https://registry.npmjs.org/@ionic/utils-object/-/utils-object-2.1.6.tgz 910ms (cache miss)
742 http fetch GET 200 https://registry.npmjs.org/slice-ansi/-/slice-ansi-4.0.0.tgz 914ms (cache miss)
743 http fetch GET 200 https://registry.npmjs.org/string-width/-/string-width-4.2.3.tgz 913ms (cache miss)
744 http fetch GET 200 https://registry.npmjs.org/signal-exit/-/signal-exit-3.0.7.tgz 911ms (cache miss)
745 http fetch GET 200 https://registry.npmjs.org/@types/slice-ansi/-/slice-ansi-4.0.0.tgz 914ms (cache miss)
746 http fetch GET 200 https://registry.npmjs.org/env-paths/-/env-paths-2.2.1.tgz 900ms (cache miss)
747 http fetch GET 200 https://registry.npmjs.org/@types/fs-extra/-/fs-extra-8.1.5.tgz 914ms (cache miss)
748 http fetch GET 200 https://registry.npmjs.org/split2/-/split2-4.2.0.tgz 930ms (cache miss)
749 http fetch GET 200 https://registry.npmjs.org/ini/-/ini-4.1.3.tgz 928ms (cache miss)
750 http fetch GET 200 https://registry.npmjs.org/universalify/-/universalify-2.0.1.tgz 927ms (cache miss)
751 http fetch GET 200 https://registry.npmjs.org/wrap-ansi/-/wrap-ansi-7.0.0.tgz 923ms (cache miss)
752 http fetch GET 200 https://registry.npmjs.org/@ionic/utils-array/-/utils-array-2.1.6.tgz 917ms (cache miss)
753 http fetch GET 200 https://registry.npmjs.org/@ionic/utils-stream/-/utils-stream-3.1.7.tgz 918ms (cache miss)
754 http fetch GET 200 https://registry.npmjs.org/cross-spawn/-/cross-spawn-7.0.6.tgz 919ms (cache miss)
755 http fetch GET 200 https://registry.npmjs.org/@ionic/utils-process/-/utils-process-2.1.12.tgz 919ms (cache miss)
756 http fetch GET 200 https://registry.npmjs.org/path-key/-/path-key-3.1.1.tgz 931ms (cache miss)
757 http fetch GET 200 https://registry.npmjs.org/debug/-/debug-4.4.3.tgz 914ms (cache miss)
758 http fetch GET 200 https://registry.npmjs.org/@ionic/utils-subprocess/-/utils-subprocess-3.0.1.tgz 918ms (cache miss)
759 http fetch GET 200 https://registry.npmjs.org/kleur/-/kleur-3.0.3.tgz 915ms (cache miss)
760 http fetch GET 200 https://registry.npmjs.org/ms/-/ms-2.1.3.tgz 921ms (cache miss)
761 http fetch GET 200 https://registry.npmjs.org/graceful-fs/-/graceful-fs-4.2.11.tgz 953ms (cache miss)
762 http fetch GET 200 https://registry.npmjs.org/open/-/open-8.4.2.tgz 934ms (cache miss)
763 http fetch GET 200 https://registry.npmjs.org/@ionic/utils-fs/-/utils-fs-3.1.7.tgz 953ms (cache miss)
764 http fetch GET 200 https://registry.npmjs.org/sax/-/sax-1.1.4.tgz 992ms (cache miss)
765 http fetch GET 200 https://registry.npmjs.org/@ionic/utils-terminal/-/utils-terminal-2.3.5.tgz 966ms (cache miss)
766 http fetch GET 200 https://registry.npmjs.org/@xmldom/xmldom/-/xmldom-0.8.11.tgz 1011ms (cache miss)
767 http fetch GET 200 https://registry.npmjs.org/commander/-/commander-12.1.0.tgz 991ms (cache miss)
768 http fetch GET 200 https://registry.npmjs.org/tslib/-/tslib-2.8.1.tgz 1097ms (cache miss)
769 http fetch GET 200 https://registry.npmjs.org/big-integer/-/big-integer-1.6.52.tgz 1136ms (cache miss)
770 http fetch GET 200 https://registry.npmjs.org/balanced-match/-/balanced-match-4.0.4.tgz 1149ms (cache miss)
771 http fetch GET 200 https://registry.npmjs.org/chownr/-/chownr-3.0.0.tgz 1173ms (cache miss)
772 http fetch GET 200 https://registry.npmjs.org/undici-types/-/undici-types-7.18.2.tgz 1151ms (cache miss)
773 http fetch GET 200 https://registry.npmjs.org/@ionic/cli-framework-output/-/cli-framework-output-2.2.8.tgz 1134ms (cache miss)
774 http fetch GET 200 https://registry.npmjs.org/package-json-from-dist/-/package-json-from-dist-1.0.1.tgz 1171ms (cache miss)
775 http fetch GET 200 https://registry.npmjs.org/yallist/-/yallist-5.0.0.tgz 1197ms (cache miss)
776 http fetch GET 200 https://registry.npmjs.org/@isaacs/fs-minipass/-/fs-minipass-4.0.1.tgz 1211ms (cache miss)
777 http fetch GET 200 https://registry.npmjs.org/elementtree/-/elementtree-0.1.7.tgz 1199ms (cache miss)
778 http fetch GET 200 https://registry.npmjs.org/plist/-/plist-3.1.0.tgz 1358ms (cache miss)
779 http fetch GET 200 https://registry.npmjs.org/path-scurry/-/path-scurry-2.0.2.tgz 1480ms (cache miss)
780 http fetch GET 200 https://registry.npmjs.org/@capacitor/core/-/core-8.3.0.tgz 1461ms (cache miss)
781 http fetch GET 200 https://registry.npmjs.org/minipass/-/minipass-7.1.3.tgz 1500ms (cache miss)
782 http fetch GET 200 https://registry.npmjs.org/minizlib/-/minizlib-3.1.0.tgz 1526ms (cache miss)
783 http fetch GET 200 https://registry.npmjs.org/readable-stream/-/readable-stream-3.6.2.tgz 1565ms (cache miss)
784 http fetch GET 200 https://registry.npmjs.org/lru-cache/-/lru-cache-11.2.7.tgz 1566ms (cache miss)
785 http fetch GET 200 https://registry.npmjs.org/xmlbuilder/-/xmlbuilder-11.0.1.tgz 1524ms (cache miss)
786 http fetch GET 200 https://registry.npmjs.org/fs-extra/-/fs-extra-11.3.4.tgz 1534ms (cache miss)
787 http fetch GET 200 https://registry.npmjs.org/fs-extra/-/fs-extra-9.1.0.tgz 1534ms (cache miss)
788 http fetch GET 200 https://registry.npmjs.org/semver/-/semver-7.7.4.tgz 1548ms (cache miss)
789 http fetch GET 200 https://registry.npmjs.org/xmlbuilder/-/xmlbuilder-15.1.1.tgz 1584ms (cache miss)
790 http fetch GET 200 https://registry.npmjs.org/xml2js/-/xml2js-0.6.2.tgz 1681ms (cache miss)
791 http fetch GET 200 https://registry.npmjs.org/minimatch/-/minimatch-10.2.4.tgz 1719ms (cache miss)
792 http fetch GET 200 https://registry.npmjs.org/prompts/-/prompts-2.4.2.tgz 1711ms (cache miss)
793 http fetch GET 200 https://registry.npmjs.org/@types/node/-/node-25.5.0.tgz 1751ms (cache miss)
794 http fetch GET 200 https://registry.npmjs.org/@capacitor/cli/-/cli-8.3.0.tgz 1735ms (cache miss)
795 http fetch GET 200 https://registry.npmjs.org/glob/-/glob-13.0.6.tgz 1790ms (cache miss)
796 http fetch GET 200 https://registry.npmjs.org/@capacitor/ios/-/ios-8.3.0.tgz 1813ms (cache miss)
797 http fetch GET 200 https://registry.npmjs.org/rimraf/-/rimraf-6.1.3.tgz 1830ms (cache miss)
798 http fetch GET 200 https://registry.npmjs.org/native-run/-/native-run-2.0.3.tgz 1845ms (cache miss)
799 http fetch GET 200 https://registry.npmjs.org/tar/-/tar-7.5.13.tgz 1982ms (cache miss)
800 silly ADD node_modules/at-least-node
801 silly ADD node_modules/pend
802 silly ADD node_modules/fd-slicer
803 silly ADD node_modules/buffer-crc32
804 silly ADD node_modules/isexe
805 silly ADD node_modules/safe-buffer
806 silly ADD node_modules/util-deprecate
807 silly ADD node_modules/string_decoder
808 silly ADD node_modules/inherits
809 silly ADD node_modules/readable-stream
810 silly ADD node_modules/yallist
811 silly ADD node_modules/minizlib
812 silly ADD node_modules/chownr
813 silly ADD node_modules/@isaacs/fs-minipass
814 silly ADD node_modules/ansi-regex
815 silly ADD node_modules/emoji-regex
816 silly ADD node_modules/color-name
817 silly ADD node_modules/color-convert
818 silly ADD node_modules/is-fullwidth-code-point
819 silly ADD node_modules/astral-regex
820 silly ADD node_modules/ansi-styles
821 silly ADD node_modules/shebang-regex
822 silly ADD node_modules/lru-cache
823 silly ADD node_modules/balanced-match
824 silly ADD node_modules/brace-expansion
825 silly ADD node_modules/path-scurry
826 silly ADD node_modules/minipass
827 silly ADD node_modules/minimatch
828 silly ADD node_modules/package-json-from-dist
829 silly ADD node_modules/glob
830 silly ADD node_modules/sisteransi
831 silly ADD node_modules/xmlbuilder
832 silly ADD node_modules/base64-js
833 silly ADD node_modules/@xmldom/xmldom
834 silly ADD node_modules/is-wsl
835 silly ADD node_modules/is-docker
836 silly ADD node_modules/define-lazy-prop
837 silly ADD node_modules/sax
838 silly ADD node_modules/big-integer
839 silly ADD node_modules/yauzl
840 silly ADD node_modules/through2
841 silly ADD node_modules/split2
842 silly ADD node_modules/ini
843 silly ADD node_modules/elementtree
844 silly ADD node_modules/bplist-parser
845 silly ADD node_modules/universalify
846 silly ADD node_modules/jsonfile
847 silly ADD node_modules/graceful-fs
848 silly ADD node_modules/ms
849 silly ADD node_modules/which
850 silly ADD node_modules/shebang-command
851 silly ADD node_modules/path-key
852 silly ADD node_modules/undici-types
853 silly ADD node_modules/@types/node
854 silly ADD node_modules/wrap-ansi
855 silly ADD node_modules/untildify
856 silly ADD node_modules/strip-ansi
857 silly ADD node_modules/string-width
858 silly ADD node_modules/slice-ansi
859 silly ADD node_modules/@types/slice-ansi
860 silly ADD node_modules/tree-kill
861 silly ADD node_modules/signal-exit
862 silly ADD node_modules/@ionic/utils-object
863 silly ADD node_modules/@types/fs-extra
864 silly ADD node_modules/cross-spawn
865 silly ADD node_modules/@ionic/utils-stream
866 silly ADD node_modules/@ionic/utils-process
867 silly ADD node_modules/@ionic/utils-fs
868 silly ADD node_modules/@ionic/utils-fs/node_modules/fs-extra
869 silly ADD node_modules/@ionic/utils-array
870 silly ADD node_modules/xml2js
871 silly ADD node_modules/xml2js/node_modules/xmlbuilder
872 silly ADD node_modules/tslib
873 silly ADD node_modules/tar
874 silly ADD node_modules/semver
875 silly ADD node_modules/rimraf
876 silly ADD node_modules/prompts
877 silly ADD node_modules/prompts/node_modules/kleur
878 silly ADD node_modules/plist
879 silly ADD node_modules/open
880 silly ADD node_modules/native-run
881 silly ADD node_modules/kleur
882 silly ADD node_modules/fs-extra
883 silly ADD node_modules/env-paths
884 silly ADD node_modules/debug
885 silly ADD node_modules/commander
886 silly ADD node_modules/@ionic/utils-terminal
887 silly ADD node_modules/@ionic/utils-subprocess
888 silly ADD node_modules/@ionic/cli-framework-output
889 silly ADD node_modules/@capacitor/ios
890 silly ADD node_modules/@capacitor/core
891 silly ADD node_modules/@capacitor/cli
892 verbose cwd /Users/superarchi/aitrader/mobile_app
893 verbose os Darwin 24.6.0
894 verbose node v25.6.1
895 verbose npm  v11.9.0
896 notice
896 notice New minor version of npm available! 11.9.0 -> 11.12.1
896 notice Changelog: https://github.com/npm/cli/releases/tag/v11.12.1
896 notice To update run: npm install -g npm@11.12.1
896 notice  { force: true, Symbol(proc-log.meta): true }
897 verbose exit 0
898 info ok
